{"/Users/markhustad/Projects/companycam/cc-ai-photo-inspirations/api/ai-enhancements.ts": {"path":"/Users/markhustad/Projects/companycam/cc-ai-photo-inspirations/api/ai-enhancements.ts","all":false,"statementMap":{"1":{"start":{"line":2,"column":0},"end":{"line":2,"column":64}},"18":{"start":{"line":19,"column":0},"end":{"line":19,"column":86}},"20":{"start":{"line":21,"column":0},"end":{"line":21,"column":82}},"21":{"start":{"line":22,"column":0},"end":{"line":22,"column":111}},"22":{"start":{"line":23,"column":0},"end":{"line":23,"column":52}},"23":{"start":{"line":24,"column":0},"end":{"line":24,"column":52}},"25":{"start":{"line":26,"column":0},"end":{"line":26,"column":29}},"26":{"start":{"line":27,"column":0},"end":{"line":27,"column":50}},"27":{"start":{"line":28,"column":0},"end":{"line":28,"column":80}},"28":{"start":{"line":29,"column":0},"end":{"line":29,"column":75}},"29":{"start":{"line":30,"column":0},"end":{"line":30,"column":5}},"31":{"start":{"line":32,"column":0},"end":{"line":32,"column":43}},"32":{"start":{"line":33,"column":0},"end":{"line":33,"column":82}},"34":{"start":{"line":35,"column":0},"end":{"line":35,"column":9}},"35":{"start":{"line":36,"column":0},"end":{"line":36,"column":64}},"37":{"start":{"line":38,"column":0},"end":{"line":38,"column":24}},"38":{"start":{"line":39,"column":0},"end":{"line":39,"column":85}},"39":{"start":{"line":40,"column":0},"end":{"line":40,"column":49}},"40":{"start":{"line":41,"column":0},"end":{"line":41,"column":14}},"41":{"start":{"line":42,"column":0},"end":{"line":42,"column":75}},"42":{"start":{"line":43,"column":0},"end":{"line":43,"column":90}},"43":{"start":{"line":44,"column":0},"end":{"line":44,"column":7}},"44":{"start":{"line":45,"column":0},"end":{"line":45,"column":71}},"45":{"start":{"line":46,"column":0},"end":{"line":46,"column":133}},"46":{"start":{"line":47,"column":0},"end":{"line":47,"column":116}},"47":{"start":{"line":48,"column":0},"end":{"line":48,"column":5}},"48":{"start":{"line":49,"column":0},"end":{"line":49,"column":3}},"50":{"start":{"line":51,"column":0},"end":{"line":51,"column":30}},"51":{"start":{"line":52,"column":0},"end":{"line":52,"column":103}},"52":{"start":{"line":53,"column":0},"end":{"line":53,"column":11}},"53":{"start":{"line":54,"column":0},"end":{"line":54,"column":27}},"54":{"start":{"line":55,"column":0},"end":{"line":55,"column":13}},"55":{"start":{"line":56,"column":0},"end":{"line":56,"column":18}},"56":{"start":{"line":57,"column":0},"end":{"line":57,"column":20}},"57":{"start":{"line":58,"column":0},"end":{"line":58,"column":15}},"58":{"start":{"line":59,"column":0},"end":{"line":59,"column":21}},"59":{"start":{"line":60,"column":0},"end":{"line":60,"column":23}},"60":{"start":{"line":61,"column":0},"end":{"line":61,"column":13}},"62":{"start":{"line":63,"column":0},"end":{"line":63,"column":58}},"63":{"start":{"line":64,"column":0},"end":{"line":64,"column":90}},"64":{"start":{"line":65,"column":0},"end":{"line":65,"column":5}},"65":{"start":{"line":66,"column":0},"end":{"line":66,"column":48}},"67":{"start":{"line":68,"column":0},"end":{"line":68,"column":69}},"68":{"start":{"line":69,"column":0},"end":{"line":69,"column":5}},"70":{"start":{"line":71,"column":0},"end":{"line":71,"column":9}},"71":{"start":{"line":72,"column":0},"end":{"line":72,"column":49}},"72":{"start":{"line":73,"column":0},"end":{"line":73,"column":110}},"74":{"start":{"line":75,"column":0},"end":{"line":75,"column":62}},"75":{"start":{"line":76,"column":0},"end":{"line":76,"column":43}},"77":{"start":{"line":78,"column":0},"end":{"line":78,"column":25}},"78":{"start":{"line":79,"column":0},"end":{"line":79,"column":23}},"79":{"start":{"line":80,"column":0},"end":{"line":80,"column":32}},"80":{"start":{"line":81,"column":0},"end":{"line":81,"column":26}},"81":{"start":{"line":82,"column":0},"end":{"line":82,"column":31}},"82":{"start":{"line":83,"column":0},"end":{"line":83,"column":26}},"83":{"start":{"line":84,"column":0},"end":{"line":84,"column":26}},"84":{"start":{"line":85,"column":0},"end":{"line":85,"column":59}},"85":{"start":{"line":86,"column":0},"end":{"line":86,"column":10}},"86":{"start":{"line":87,"column":0},"end":{"line":87,"column":14}},"87":{"start":{"line":88,"column":0},"end":{"line":88,"column":37}},"88":{"start":{"line":89,"column":0},"end":{"line":89,"column":81}},"89":{"start":{"line":90,"column":0},"end":{"line":90,"column":7}},"92":{"start":{"line":93,"column":0},"end":{"line":93,"column":60}},"93":{"start":{"line":94,"column":0},"end":{"line":94,"column":49}},"94":{"start":{"line":95,"column":0},"end":{"line":95,"column":54}},"95":{"start":{"line":96,"column":0},"end":{"line":96,"column":77}},"96":{"start":{"line":97,"column":0},"end":{"line":97,"column":42}},"97":{"start":{"line":98,"column":0},"end":{"line":98,"column":7}},"100":{"start":{"line":101,"column":0},"end":{"line":101,"column":42}},"102":{"start":{"line":103,"column":0},"end":{"line":103,"column":114}},"103":{"start":{"line":104,"column":0},"end":{"line":104,"column":100}},"104":{"start":{"line":105,"column":0},"end":{"line":105,"column":74}},"106":{"start":{"line":107,"column":0},"end":{"line":107,"column":63}},"107":{"start":{"line":108,"column":0},"end":{"line":108,"column":54}},"108":{"start":{"line":109,"column":0},"end":{"line":109,"column":9}},"109":{"start":{"line":110,"column":0},"end":{"line":110,"column":117}},"110":{"start":{"line":111,"column":0},"end":{"line":111,"column":7}},"112":{"start":{"line":113,"column":0},"end":{"line":113,"column":69}},"113":{"start":{"line":114,"column":0},"end":{"line":114,"column":57}},"114":{"start":{"line":115,"column":0},"end":{"line":115,"column":7}},"116":{"start":{"line":117,"column":0},"end":{"line":117,"column":125}},"117":{"start":{"line":118,"column":0},"end":{"line":118,"column":55}},"118":{"start":{"line":119,"column":0},"end":{"line":119,"column":117}},"120":{"start":{"line":121,"column":0},"end":{"line":121,"column":47}},"121":{"start":{"line":122,"column":0},"end":{"line":122,"column":21}},"122":{"start":{"line":123,"column":0},"end":{"line":123,"column":106}},"123":{"start":{"line":124,"column":0},"end":{"line":124,"column":76}},"124":{"start":{"line":125,"column":0},"end":{"line":125,"column":5}},"125":{"start":{"line":126,"column":0},"end":{"line":126,"column":3}},"127":{"start":{"line":128,"column":0},"end":{"line":128,"column":32}},"128":{"start":{"line":129,"column":0},"end":{"line":129,"column":11}},"129":{"start":{"line":130,"column":0},"end":{"line":130,"column":27}},"130":{"start":{"line":131,"column":0},"end":{"line":131,"column":102}},"131":{"start":{"line":132,"column":0},"end":{"line":132,"column":18}},"132":{"start":{"line":133,"column":0},"end":{"line":133,"column":23}},"133":{"start":{"line":134,"column":0},"end":{"line":134,"column":13}},"135":{"start":{"line":136,"column":0},"end":{"line":136,"column":58}},"136":{"start":{"line":137,"column":0},"end":{"line":137,"column":90}},"137":{"start":{"line":138,"column":0},"end":{"line":138,"column":5}},"138":{"start":{"line":139,"column":0},"end":{"line":139,"column":49}},"139":{"start":{"line":140,"column":0},"end":{"line":140,"column":69}},"140":{"start":{"line":141,"column":0},"end":{"line":141,"column":5}},"142":{"start":{"line":143,"column":0},"end":{"line":143,"column":9}},"143":{"start":{"line":144,"column":0},"end":{"line":144,"column":49}},"144":{"start":{"line":145,"column":0},"end":{"line":145,"column":62}},"146":{"start":{"line":147,"column":0},"end":{"line":147,"column":25}},"147":{"start":{"line":148,"column":0},"end":{"line":148,"column":85}},"148":{"start":{"line":149,"column":0},"end":{"line":149,"column":7}},"150":{"start":{"line":151,"column":0},"end":{"line":151,"column":27}},"151":{"start":{"line":152,"column":0},"end":{"line":152,"column":73}},"152":{"start":{"line":153,"column":0},"end":{"line":153,"column":66}},"153":{"start":{"line":154,"column":0},"end":{"line":154,"column":75}},"154":{"start":{"line":155,"column":0},"end":{"line":155,"column":46}},"155":{"start":{"line":156,"column":0},"end":{"line":156,"column":10}},"156":{"start":{"line":157,"column":0},"end":{"line":157,"column":83}},"157":{"start":{"line":158,"column":0},"end":{"line":158,"column":7}},"159":{"start":{"line":160,"column":0},"end":{"line":160,"column":38}},"160":{"start":{"line":161,"column":0},"end":{"line":161,"column":94}},"161":{"start":{"line":162,"column":0},"end":{"line":162,"column":47}},"162":{"start":{"line":163,"column":0},"end":{"line":163,"column":29}},"163":{"start":{"line":164,"column":0},"end":{"line":164,"column":9}},"164":{"start":{"line":165,"column":0},"end":{"line":165,"column":7}},"173":{"start":{"line":174,"column":0},"end":{"line":174,"column":21}},"174":{"start":{"line":175,"column":0},"end":{"line":175,"column":58}},"175":{"start":{"line":176,"column":0},"end":{"line":176,"column":39}},"176":{"start":{"line":177,"column":0},"end":{"line":177,"column":49}},"177":{"start":{"line":178,"column":0},"end":{"line":178,"column":14}},"178":{"start":{"line":179,"column":0},"end":{"line":179,"column":98}},"179":{"start":{"line":180,"column":0},"end":{"line":180,"column":7}},"181":{"start":{"line":182,"column":0},"end":{"line":182,"column":21}},"182":{"start":{"line":183,"column":0},"end":{"line":183,"column":67}},"183":{"start":{"line":184,"column":0},"end":{"line":184,"column":84}},"184":{"start":{"line":185,"column":0},"end":{"line":185,"column":5}},"185":{"start":{"line":186,"column":0},"end":{"line":186,"column":3}},"188":{"start":{"line":189,"column":0},"end":{"line":189,"column":52}},"189":{"start":{"line":190,"column":0},"end":{"line":190,"column":65}},"190":{"start":{"line":191,"column":0},"end":{"line":191,"column":1}}},"s":{"1":1,"18":1,"20":21,"21":21,"22":21,"23":21,"25":21,"26":5,"27":2,"28":2,"29":2,"31":3,"32":3,"34":3,"35":3,"37":5,"38":1,"39":1,"40":1,"41":1,"42":1,"43":1,"44":5,"45":1,"46":1,"47":1,"48":5,"50":21,"51":8,"52":8,"53":8,"54":8,"55":8,"56":8,"57":8,"58":8,"59":8,"60":8,"62":8,"63":1,"64":1,"65":8,"67":1,"68":1,"70":6,"71":6,"72":6,"74":6,"75":6,"77":8,"78":4,"79":4,"80":4,"81":4,"82":4,"83":4,"84":4,"85":4,"86":8,"87":2,"88":2,"89":2,"92":6,"93":8,"94":2,"95":8,"96":1,"97":1,"100":8,"102":1,"103":1,"104":8,"106":2,"107":1,"108":1,"109":2,"110":2,"112":8,"113":1,"114":1,"116":6,"117":6,"118":5,"120":5,"121":8,"122":1,"123":1,"124":1,"125":8,"127":21,"128":7,"129":7,"130":7,"131":7,"132":7,"133":7,"135":7,"136":1,"137":1,"138":7,"139":1,"140":1,"142":5,"143":5,"144":5,"146":7,"147":1,"148":1,"150":4,"151":7,"152":3,"153":3,"154":3,"155":3,"156":3,"157":3,"159":7,"160":1,"161":1,"162":1,"163":1,"164":1,"173":7,"174":3,"175":3,"176":2,"177":7,"178":1,"179":1,"181":7,"182":1,"183":1,"184":1,"185":7,"188":1,"189":1,"190":1},"branchMap":{"0":{"type":"branch","line":19,"loc":{"start":{"line":19,"column":26},"end":{"line":19,"column":86}},"locations":[{"start":{"line":19,"column":26},"end":{"line":19,"column":86}}]},"1":{"type":"branch","line":21,"loc":{"start":{"line":21,"column":0},"end":{"line":191,"column":1}},"locations":[{"start":{"line":21,"column":0},"end":{"line":191,"column":1}}]},"2":{"type":"branch","line":26,"loc":{"start":{"line":26,"column":28},"end":{"line":49,"column":3}},"locations":[{"start":{"line":26,"column":28},"end":{"line":49,"column":3}}]},"3":{"type":"branch","line":27,"loc":{"start":{"line":27,"column":9},"end":{"line":27,"column":49}},"locations":[{"start":{"line":27,"column":9},"end":{"line":27,"column":49}}]},"4":{"type":"branch","line":27,"loc":{"start":{"line":27,"column":49},"end":{"line":30,"column":5}},"locations":[{"start":{"line":27,"column":49},"end":{"line":30,"column":5}}]},"5":{"type":"branch","line":30,"loc":{"start":{"line":30,"column":4},"end":{"line":36,"column":64}},"locations":[{"start":{"line":30,"column":4},"end":{"line":36,"column":64}}]},"6":{"type":"branch","line":36,"loc":{"start":{"line":36,"column":62},"end":{"line":38,"column":23}},"locations":[{"start":{"line":36,"column":62},"end":{"line":38,"column":23}}]},"7":{"type":"branch","line":38,"loc":{"start":{"line":38,"column":23},"end":{"line":44,"column":7}},"locations":[{"start":{"line":38,"column":23},"end":{"line":44,"column":7}}]},"8":{"type":"branch","line":45,"loc":{"start":{"line":45,"column":4},"end":{"line":48,"column":5}},"locations":[{"start":{"line":45,"column":4},"end":{"line":48,"column":5}}]},"9":{"type":"branch","line":49,"loc":{"start":{"line":49,"column":2},"end":{"line":51,"column":29}},"locations":[{"start":{"line":49,"column":2},"end":{"line":51,"column":29}}]},"10":{"type":"branch","line":51,"loc":{"start":{"line":51,"column":29},"end":{"line":128,"column":31}},"locations":[{"start":{"line":51,"column":29},"end":{"line":128,"column":31}}]},"11":{"type":"branch","line":63,"loc":{"start":{"line":63,"column":9},"end":{"line":63,"column":57}},"locations":[{"start":{"line":63,"column":9},"end":{"line":63,"column":57}}]},"12":{"type":"branch","line":63,"loc":{"start":{"line":63,"column":57},"end":{"line":65,"column":5}},"locations":[{"start":{"line":63,"column":57},"end":{"line":65,"column":5}}]},"13":{"type":"branch","line":65,"loc":{"start":{"line":65,"column":4},"end":{"line":66,"column":19}},"locations":[{"start":{"line":65,"column":4},"end":{"line":66,"column":19}}]},"14":{"type":"branch","line":66,"loc":{"start":{"line":66,"column":9},"end":{"line":66,"column":47}},"locations":[{"start":{"line":66,"column":9},"end":{"line":66,"column":47}}]},"15":{"type":"branch","line":66,"loc":{"start":{"line":66,"column":47},"end":{"line":69,"column":5}},"locations":[{"start":{"line":66,"column":47},"end":{"line":69,"column":5}}]},"16":{"type":"branch","line":69,"loc":{"start":{"line":69,"column":4},"end":{"line":78,"column":24}},"locations":[{"start":{"line":69,"column":4},"end":{"line":78,"column":24}}]},"17":{"type":"branch","line":78,"loc":{"start":{"line":78,"column":24},"end":{"line":87,"column":13}},"locations":[{"start":{"line":78,"column":24},"end":{"line":87,"column":13}}]},"18":{"type":"branch","line":85,"loc":{"start":{"line":85,"column":29},"end":{"line":85,"column":59}},"locations":[{"start":{"line":85,"column":29},"end":{"line":85,"column":59}}]},"19":{"type":"branch","line":87,"loc":{"start":{"line":87,"column":6},"end":{"line":90,"column":7}},"locations":[{"start":{"line":87,"column":6},"end":{"line":90,"column":7}}]},"20":{"type":"branch","line":90,"loc":{"start":{"line":90,"column":6},"end":{"line":93,"column":60}},"locations":[{"start":{"line":90,"column":6},"end":{"line":93,"column":60}}]},"21":{"type":"branch","line":94,"loc":{"start":{"line":94,"column":48},"end":{"line":96,"column":17}},"locations":[{"start":{"line":94,"column":48},"end":{"line":96,"column":17}}]},"22":{"type":"branch","line":96,"loc":{"start":{"line":96,"column":6},"end":{"line":98,"column":7}},"locations":[{"start":{"line":96,"column":6},"end":{"line":98,"column":7}}]},"23":{"type":"branch","line":96,"loc":{"start":{"line":96,"column":44},"end":{"line":98,"column":7}},"locations":[{"start":{"line":96,"column":44},"end":{"line":98,"column":7}}]},"24":{"type":"branch","line":98,"loc":{"start":{"line":98,"column":6},"end":{"line":101,"column":41}},"locations":[{"start":{"line":98,"column":6},"end":{"line":101,"column":41}}]},"25":{"type":"branch","line":101,"loc":{"start":{"line":101,"column":41},"end":{"line":105,"column":17}},"locations":[{"start":{"line":101,"column":41},"end":{"line":105,"column":17}}]},"26":{"type":"branch","line":105,"loc":{"start":{"line":105,"column":6},"end":{"line":111,"column":7}},"locations":[{"start":{"line":105,"column":6},"end":{"line":111,"column":7}}]},"27":{"type":"branch","line":105,"loc":{"start":{"line":105,"column":37},"end":{"line":105,"column":73}},"locations":[{"start":{"line":105,"column":37},"end":{"line":105,"column":73}}]},"28":{"type":"branch","line":105,"loc":{"start":{"line":105,"column":73},"end":{"line":111,"column":7}},"locations":[{"start":{"line":105,"column":73},"end":{"line":111,"column":7}}]},"29":{"type":"branch","line":107,"loc":{"start":{"line":107,"column":62},"end":{"line":109,"column":9}},"locations":[{"start":{"line":107,"column":62},"end":{"line":109,"column":9}}]},"30":{"type":"branch","line":111,"loc":{"start":{"line":111,"column":6},"end":{"line":113,"column":30}},"locations":[{"start":{"line":111,"column":6},"end":{"line":113,"column":30}}]},"31":{"type":"branch","line":113,"loc":{"start":{"line":113,"column":10},"end":{"line":113,"column":68}},"locations":[{"start":{"line":113,"column":10},"end":{"line":113,"column":68}}]},"32":{"type":"branch","line":113,"loc":{"start":{"line":113,"column":68},"end":{"line":115,"column":7}},"locations":[{"start":{"line":113,"column":68},"end":{"line":115,"column":7}}]},"33":{"type":"branch","line":115,"loc":{"start":{"line":115,"column":6},"end":{"line":118,"column":55}},"locations":[{"start":{"line":115,"column":6},"end":{"line":118,"column":55}}]},"34":{"type":"branch","line":118,"loc":{"start":{"line":118,"column":53},"end":{"line":122,"column":13}},"locations":[{"start":{"line":118,"column":53},"end":{"line":122,"column":13}}]},"35":{"type":"branch","line":122,"loc":{"start":{"line":122,"column":4},"end":{"line":125,"column":5}},"locations":[{"start":{"line":122,"column":4},"end":{"line":125,"column":5}}]},"36":{"type":"branch","line":128,"loc":{"start":{"line":128,"column":31},"end":{"line":186,"column":3}},"locations":[{"start":{"line":128,"column":31},"end":{"line":186,"column":3}}]},"37":{"type":"branch","line":136,"loc":{"start":{"line":136,"column":9},"end":{"line":136,"column":57}},"locations":[{"start":{"line":136,"column":9},"end":{"line":136,"column":57}}]},"38":{"type":"branch","line":136,"loc":{"start":{"line":136,"column":57},"end":{"line":138,"column":5}},"locations":[{"start":{"line":136,"column":57},"end":{"line":138,"column":5}}]},"39":{"type":"branch","line":138,"loc":{"start":{"line":138,"column":4},"end":{"line":139,"column":20}},"locations":[{"start":{"line":138,"column":4},"end":{"line":139,"column":20}}]},"40":{"type":"branch","line":139,"loc":{"start":{"line":139,"column":10},"end":{"line":139,"column":48}},"locations":[{"start":{"line":139,"column":10},"end":{"line":139,"column":48}}]},"41":{"type":"branch","line":139,"loc":{"start":{"line":139,"column":48},"end":{"line":141,"column":5}},"locations":[{"start":{"line":139,"column":48},"end":{"line":141,"column":5}}]},"42":{"type":"branch","line":141,"loc":{"start":{"line":141,"column":4},"end":{"line":147,"column":24}},"locations":[{"start":{"line":141,"column":4},"end":{"line":147,"column":24}}]},"43":{"type":"branch","line":147,"loc":{"start":{"line":147,"column":24},"end":{"line":149,"column":7}},"locations":[{"start":{"line":147,"column":24},"end":{"line":149,"column":7}}]},"44":{"type":"branch","line":149,"loc":{"start":{"line":149,"column":6},"end":{"line":152,"column":45}},"locations":[{"start":{"line":149,"column":6},"end":{"line":152,"column":45}}]},"45":{"type":"branch","line":152,"loc":{"start":{"line":152,"column":33},"end":{"line":152,"column":72}},"locations":[{"start":{"line":152,"column":33},"end":{"line":152,"column":72}}]},"46":{"type":"branch","line":152,"loc":{"start":{"line":152,"column":72},"end":{"line":158,"column":7}},"locations":[{"start":{"line":152,"column":72},"end":{"line":158,"column":7}}]},"47":{"type":"branch","line":157,"loc":{"start":{"line":157,"column":67},"end":{"line":157,"column":83}},"locations":[{"start":{"line":157,"column":67},"end":{"line":157,"column":83}}]},"48":{"type":"branch","line":158,"loc":{"start":{"line":158,"column":6},"end":{"line":160,"column":37}},"locations":[{"start":{"line":158,"column":6},"end":{"line":160,"column":37}}]},"49":{"type":"branch","line":160,"loc":{"start":{"line":160,"column":37},"end":{"line":165,"column":7}},"locations":[{"start":{"line":160,"column":37},"end":{"line":165,"column":7}}]},"50":{"type":"branch","line":165,"loc":{"start":{"line":165,"column":6},"end":{"line":174,"column":20}},"locations":[{"start":{"line":165,"column":6},"end":{"line":174,"column":20}}]},"51":{"type":"branch","line":174,"loc":{"start":{"line":174,"column":20},"end":{"line":178,"column":13}},"locations":[{"start":{"line":174,"column":20},"end":{"line":178,"column":13}}]},"52":{"type":"branch","line":176,"loc":{"start":{"line":176,"column":37},"end":{"line":178,"column":13}},"locations":[{"start":{"line":176,"column":37},"end":{"line":178,"column":13}}]},"53":{"type":"branch","line":178,"loc":{"start":{"line":178,"column":6},"end":{"line":180,"column":7}},"locations":[{"start":{"line":178,"column":6},"end":{"line":180,"column":7}}]},"54":{"type":"branch","line":182,"loc":{"start":{"line":182,"column":4},"end":{"line":185,"column":5}},"locations":[{"start":{"line":182,"column":4},"end":{"line":185,"column":5}}]},"55":{"type":"branch","line":186,"loc":{"start":{"line":186,"column":2},"end":{"line":191,"column":1}},"locations":[{"start":{"line":186,"column":2},"end":{"line":191,"column":1}}]},"56":{"type":"branch","line":103,"loc":{"start":{"line":103,"column":61},"end":{"line":103,"column":112}},"locations":[{"start":{"line":103,"column":61},"end":{"line":103,"column":112}}]},"57":{"type":"branch","line":103,"loc":{"start":{"line":103,"column":83},"end":{"line":103,"column":112}},"locations":[{"start":{"line":103,"column":83},"end":{"line":103,"column":112}}]},"58":{"type":"branch","line":155,"loc":{"start":{"line":155,"column":10},"end":{"line":155,"column":46}},"locations":[{"start":{"line":155,"column":10},"end":{"line":155,"column":46}}]}},"b":{"0":[14],"1":[21],"2":[5],"3":[4],"4":[2],"5":[3],"6":[2],"7":[1],"8":[1],"9":[16],"10":[8],"11":[7],"12":[1],"13":[7],"14":[6],"15":[1],"16":[6],"17":[4],"18":[3],"19":[2],"20":[6],"21":[2],"22":[4],"23":[1],"24":[6],"25":[1],"26":[5],"27":[2],"28":[2],"29":[1],"30":[6],"31":[1],"32":[1],"33":[6],"34":[5],"35":[1],"36":[7],"37":[6],"38":[1],"39":[6],"40":[5],"41":[1],"42":[5],"43":[1],"44":[4],"45":[3],"46":[3],"47":[2],"48":[4],"49":[1],"50":[4],"51":[3],"52":[2],"53":[1],"54":[1],"55":[1],"56":[6],"57":[5],"58":[5]},"fnMap":{"0":{"name":"getEnhancementKey","decl":{"start":{"line":19,"column":26},"end":{"line":19,"column":86}},"loc":{"start":{"line":19,"column":26},"end":{"line":19,"column":86}},"line":19},"1":{"name":"handler","decl":{"start":{"line":21,"column":0},"end":{"line":191,"column":1}},"loc":{"start":{"line":21,"column":0},"end":{"line":191,"column":1}},"line":21}},"f":{"0":14,"1":21}}
,"/Users/markhustad/Projects/companycam/cc-ai-photo-inspirations/api/suggest-ai-tags.ts": {"path":"/Users/markhustad/Projects/companycam/cc-ai-photo-inspirations/api/suggest-ai-tags.ts","all":false,"statementMap":{"3":{"start":{"line":4,"column":0},"end":{"line":4,"column":26}},"4":{"start":{"line":5,"column":0},"end":{"line":5,"column":28}},"5":{"start":{"line":6,"column":0},"end":{"line":6,"column":77}},"6":{"start":{"line":7,"column":0},"end":{"line":7,"column":55}},"10":{"start":{"line":11,"column":0},"end":{"line":11,"column":27}},"11":{"start":{"line":12,"column":0},"end":{"line":12,"column":37}},"12":{"start":{"line":13,"column":0},"end":{"line":13,"column":3}},"74":{"start":{"line":75,"column":0},"end":{"line":75,"column":33}},"75":{"start":{"line":76,"column":0},"end":{"line":76,"column":29}},"76":{"start":{"line":77,"column":0},"end":{"line":77,"column":17}},"77":{"start":{"line":78,"column":0},"end":{"line":78,"column":27}},"78":{"start":{"line":79,"column":0},"end":{"line":79,"column":79}},"80":{"start":{"line":81,"column":0},"end":{"line":81,"column":46}},"81":{"start":{"line":82,"column":0},"end":{"line":82,"column":55}},"82":{"start":{"line":83,"column":0},"end":{"line":83,"column":52}},"84":{"start":{"line":85,"column":0},"end":{"line":85,"column":46}},"85":{"start":{"line":86,"column":0},"end":{"line":86,"column":110}},"86":{"start":{"line":87,"column":0},"end":{"line":87,"column":15}},"87":{"start":{"line":88,"column":0},"end":{"line":88,"column":3}},"89":{"start":{"line":90,"column":0},"end":{"line":90,"column":7}},"90":{"start":{"line":91,"column":0},"end":{"line":91,"column":125}},"92":{"start":{"line":93,"column":0},"end":{"line":93,"column":34}},"96":{"start":{"line":97,"column":0},"end":{"line":97,"column":18}},"98":{"start":{"line":99,"column":0},"end":{"line":99,"column":45}},"99":{"start":{"line":100,"column":0},"end":{"line":100,"column":24}},"100":{"start":{"line":101,"column":0},"end":{"line":101,"column":15}},"101":{"start":{"line":102,"column":0},"end":{"line":102,"column":28}},"102":{"start":{"line":103,"column":0},"end":{"line":103,"column":7}},"104":{"start":{"line":105,"column":0},"end":{"line":105,"column":68}},"105":{"start":{"line":106,"column":0},"end":{"line":106,"column":80}},"106":{"start":{"line":107,"column":0},"end":{"line":107,"column":87}},"107":{"start":{"line":108,"column":0},"end":{"line":108,"column":22}},"108":{"start":{"line":109,"column":0},"end":{"line":109,"column":63}},"109":{"start":{"line":110,"column":0},"end":{"line":110,"column":38}},"110":{"start":{"line":111,"column":0},"end":{"line":111,"column":10}},"111":{"start":{"line":112,"column":0},"end":{"line":112,"column":34}},"112":{"start":{"line":113,"column":0},"end":{"line":113,"column":12}},"113":{"start":{"line":114,"column":0},"end":{"line":114,"column":75}},"114":{"start":{"line":115,"column":0},"end":{"line":115,"column":16}},"115":{"start":{"line":116,"column":0},"end":{"line":116,"column":5}},"116":{"start":{"line":117,"column":0},"end":{"line":117,"column":19}},"117":{"start":{"line":118,"column":0},"end":{"line":118,"column":53}},"118":{"start":{"line":119,"column":0},"end":{"line":119,"column":15}},"119":{"start":{"line":120,"column":0},"end":{"line":120,"column":3}},"120":{"start":{"line":121,"column":0},"end":{"line":121,"column":1}},"122":{"start":{"line":123,"column":0},"end":{"line":123,"column":34}},"123":{"start":{"line":124,"column":0},"end":{"line":124,"column":40}},"124":{"start":{"line":125,"column":0},"end":{"line":125,"column":38}},"125":{"start":{"line":126,"column":0},"end":{"line":126,"column":29}},"126":{"start":{"line":127,"column":0},"end":{"line":127,"column":128}},"128":{"start":{"line":129,"column":0},"end":{"line":129,"column":36}},"129":{"start":{"line":130,"column":0},"end":{"line":130,"column":83}},"130":{"start":{"line":131,"column":0},"end":{"line":131,"column":54}},"131":{"start":{"line":132,"column":0},"end":{"line":132,"column":3}},"133":{"start":{"line":134,"column":0},"end":{"line":134,"column":42}},"134":{"start":{"line":135,"column":0},"end":{"line":135,"column":67}},"135":{"start":{"line":136,"column":0},"end":{"line":136,"column":38}},"137":{"start":{"line":138,"column":0},"end":{"line":138,"column":51}},"138":{"start":{"line":139,"column":0},"end":{"line":139,"column":70}},"139":{"start":{"line":140,"column":0},"end":{"line":140,"column":40}},"141":{"start":{"line":142,"column":0},"end":{"line":142,"column":91}},"142":{"start":{"line":143,"column":0},"end":{"line":143,"column":56}},"144":{"start":{"line":145,"column":0},"end":{"line":145,"column":19}},"145":{"start":{"line":146,"column":0},"end":{"line":146,"column":116}},"146":{"start":{"line":147,"column":0},"end":{"line":147,"column":77}},"147":{"start":{"line":148,"column":0},"end":{"line":148,"column":3}},"149":{"start":{"line":150,"column":0},"end":{"line":150,"column":145}},"151":{"start":{"line":152,"column":0},"end":{"line":152,"column":7}},"152":{"start":{"line":153,"column":0},"end":{"line":153,"column":62}},"153":{"start":{"line":154,"column":0},"end":{"line":154,"column":38}},"154":{"start":{"line":155,"column":0},"end":{"line":155,"column":23}},"155":{"start":{"line":156,"column":0},"end":{"line":156,"column":7}},"157":{"start":{"line":158,"column":0},"end":{"line":158,"column":109}},"158":{"start":{"line":159,"column":0},"end":{"line":159,"column":67}},"159":{"start":{"line":160,"column":0},"end":{"line":160,"column":49}},"160":{"start":{"line":161,"column":0},"end":{"line":161,"column":12}},"161":{"start":{"line":162,"column":0},"end":{"line":162,"column":124}},"162":{"start":{"line":163,"column":0},"end":{"line":163,"column":76}},"163":{"start":{"line":164,"column":0},"end":{"line":164,"column":5}},"164":{"start":{"line":165,"column":0},"end":{"line":165,"column":24}},"165":{"start":{"line":166,"column":0},"end":{"line":166,"column":37}},"166":{"start":{"line":167,"column":0},"end":{"line":167,"column":114}},"167":{"start":{"line":168,"column":0},"end":{"line":168,"column":55}},"168":{"start":{"line":169,"column":0},"end":{"line":169,"column":5}},"169":{"start":{"line":170,"column":0},"end":{"line":170,"column":85}},"170":{"start":{"line":171,"column":0},"end":{"line":171,"column":68}},"171":{"start":{"line":172,"column":0},"end":{"line":172,"column":3}},"172":{"start":{"line":173,"column":0},"end":{"line":173,"column":1}},"174":{"start":{"line":175,"column":0},"end":{"line":175,"column":33}},"175":{"start":{"line":176,"column":0},"end":{"line":176,"column":19}},"176":{"start":{"line":177,"column":0},"end":{"line":177,"column":46}},"177":{"start":{"line":178,"column":0},"end":{"line":178,"column":30}},"178":{"start":{"line":179,"column":0},"end":{"line":179,"column":25}},"179":{"start":{"line":180,"column":0},"end":{"line":180,"column":20}},"180":{"start":{"line":181,"column":0},"end":{"line":181,"column":22}},"181":{"start":{"line":182,"column":0},"end":{"line":182,"column":23}},"182":{"start":{"line":183,"column":0},"end":{"line":183,"column":14}},"183":{"start":{"line":184,"column":0},"end":{"line":184,"column":266}},"184":{"start":{"line":185,"column":0},"end":{"line":185,"column":4}},"186":{"start":{"line":187,"column":0},"end":{"line":187,"column":350}},"188":{"start":{"line":189,"column":0},"end":{"line":189,"column":142}},"230":{"start":{"line":231,"column":0},"end":{"line":231,"column":28}},"231":{"start":{"line":232,"column":0},"end":{"line":232,"column":87}},"232":{"start":{"line":233,"column":0},"end":{"line":233,"column":121}},"233":{"start":{"line":234,"column":0},"end":{"line":234,"column":4}},"235":{"start":{"line":236,"column":0},"end":{"line":236,"column":48}},"236":{"start":{"line":237,"column":0},"end":{"line":237,"column":26}},"237":{"start":{"line":238,"column":0},"end":{"line":238,"column":155}},"238":{"start":{"line":239,"column":0},"end":{"line":239,"column":6}},"239":{"start":{"line":240,"column":0},"end":{"line":240,"column":3}},"241":{"start":{"line":242,"column":0},"end":{"line":242,"column":23}},"242":{"start":{"line":243,"column":0},"end":{"line":243,"column":26}},"243":{"start":{"line":244,"column":0},"end":{"line":244,"column":105}},"244":{"start":{"line":245,"column":0},"end":{"line":245,"column":114}},"245":{"start":{"line":246,"column":0},"end":{"line":246,"column":6}},"246":{"start":{"line":247,"column":0},"end":{"line":247,"column":3}},"248":{"start":{"line":249,"column":0},"end":{"line":249,"column":32}},"249":{"start":{"line":250,"column":0},"end":{"line":250,"column":26}},"250":{"start":{"line":251,"column":0},"end":{"line":251,"column":94}},"251":{"start":{"line":252,"column":0},"end":{"line":252,"column":77}},"252":{"start":{"line":253,"column":0},"end":{"line":253,"column":22}},"253":{"start":{"line":254,"column":0},"end":{"line":254,"column":6}},"254":{"start":{"line":255,"column":0},"end":{"line":255,"column":3}},"256":{"start":{"line":257,"column":0},"end":{"line":257,"column":24}},"257":{"start":{"line":258,"column":0},"end":{"line":258,"column":184}},"258":{"start":{"line":259,"column":0},"end":{"line":259,"column":4}},"260":{"start":{"line":261,"column":0},"end":{"line":261,"column":141}},"261":{"start":{"line":262,"column":0},"end":{"line":262,"column":5}},"262":{"start":{"line":263,"column":0},"end":{"line":263,"column":19}},"263":{"start":{"line":264,"column":0},"end":{"line":264,"column":40}},"264":{"start":{"line":265,"column":0},"end":{"line":265,"column":6}},"265":{"start":{"line":266,"column":0},"end":{"line":266,"column":4}},"270":{"start":{"line":271,"column":0},"end":{"line":271,"column":10}},"271":{"start":{"line":272,"column":0},"end":{"line":272,"column":18}},"272":{"start":{"line":273,"column":0},"end":{"line":273,"column":17}},"273":{"start":{"line":274,"column":0},"end":{"line":274,"column":4}},"274":{"start":{"line":275,"column":0},"end":{"line":275,"column":1}},"276":{"start":{"line":277,"column":0},"end":{"line":277,"column":37}},"277":{"start":{"line":278,"column":0},"end":{"line":278,"column":23}},"278":{"start":{"line":279,"column":0},"end":{"line":279,"column":19}},"279":{"start":{"line":280,"column":0},"end":{"line":280,"column":16}},"280":{"start":{"line":281,"column":0},"end":{"line":281,"column":27}},"281":{"start":{"line":282,"column":0},"end":{"line":282,"column":103}},"283":{"start":{"line":284,"column":0},"end":{"line":284,"column":36}},"284":{"start":{"line":285,"column":0},"end":{"line":285,"column":52}},"285":{"start":{"line":286,"column":0},"end":{"line":286,"column":54}},"286":{"start":{"line":287,"column":0},"end":{"line":287,"column":3}},"288":{"start":{"line":289,"column":0},"end":{"line":289,"column":7}},"289":{"start":{"line":290,"column":0},"end":{"line":290,"column":42}},"291":{"start":{"line":292,"column":0},"end":{"line":292,"column":145}},"293":{"start":{"line":294,"column":0},"end":{"line":294,"column":82}},"294":{"start":{"line":295,"column":0},"end":{"line":295,"column":59}},"295":{"start":{"line":296,"column":0},"end":{"line":296,"column":6}},"296":{"start":{"line":297,"column":0},"end":{"line":297,"column":155}},"298":{"start":{"line":299,"column":0},"end":{"line":299,"column":71}},"299":{"start":{"line":300,"column":0},"end":{"line":300,"column":65}},"300":{"start":{"line":301,"column":0},"end":{"line":301,"column":7}},"301":{"start":{"line":302,"column":0},"end":{"line":302,"column":7}},"303":{"start":{"line":304,"column":0},"end":{"line":304,"column":61}},"304":{"start":{"line":305,"column":0},"end":{"line":305,"column":33}},"305":{"start":{"line":306,"column":0},"end":{"line":306,"column":31}},"306":{"start":{"line":307,"column":0},"end":{"line":307,"column":24}},"307":{"start":{"line":308,"column":0},"end":{"line":308,"column":24}},"308":{"start":{"line":309,"column":0},"end":{"line":309,"column":48}},"309":{"start":{"line":310,"column":0},"end":{"line":310,"column":7}},"311":{"start":{"line":312,"column":0},"end":{"line":312,"column":60}},"313":{"start":{"line":314,"column":0},"end":{"line":314,"column":19}},"314":{"start":{"line":315,"column":0},"end":{"line":315,"column":69}},"315":{"start":{"line":316,"column":0},"end":{"line":316,"column":56}},"316":{"start":{"line":317,"column":0},"end":{"line":317,"column":5}},"318":{"start":{"line":319,"column":0},"end":{"line":319,"column":51}},"320":{"start":{"line":321,"column":0},"end":{"line":321,"column":24}},"326":{"start":{"line":327,"column":0},"end":{"line":327,"column":9}},"327":{"start":{"line":328,"column":0},"end":{"line":328,"column":42}},"328":{"start":{"line":329,"column":0},"end":{"line":329,"column":31}},"329":{"start":{"line":330,"column":0},"end":{"line":330,"column":75}},"330":{"start":{"line":331,"column":0},"end":{"line":331,"column":69}},"331":{"start":{"line":332,"column":0},"end":{"line":332,"column":65}},"332":{"start":{"line":333,"column":0},"end":{"line":333,"column":5}},"334":{"start":{"line":335,"column":0},"end":{"line":335,"column":45}},"335":{"start":{"line":336,"column":0},"end":{"line":336,"column":56}},"336":{"start":{"line":337,"column":0},"end":{"line":337,"column":95}},"337":{"start":{"line":338,"column":0},"end":{"line":338,"column":64}},"338":{"start":{"line":339,"column":0},"end":{"line":339,"column":18}},"339":{"start":{"line":340,"column":0},"end":{"line":340,"column":38}},"340":{"start":{"line":341,"column":0},"end":{"line":341,"column":33}},"341":{"start":{"line":342,"column":0},"end":{"line":342,"column":186}},"342":{"start":{"line":343,"column":0},"end":{"line":343,"column":8}},"343":{"start":{"line":344,"column":0},"end":{"line":344,"column":6}},"345":{"start":{"line":346,"column":0},"end":{"line":346,"column":79}},"346":{"start":{"line":347,"column":0},"end":{"line":347,"column":28}},"348":{"start":{"line":349,"column":0},"end":{"line":349,"column":24}},"349":{"start":{"line":350,"column":0},"end":{"line":350,"column":68}},"350":{"start":{"line":351,"column":0},"end":{"line":351,"column":114}},"351":{"start":{"line":352,"column":0},"end":{"line":352,"column":55}},"352":{"start":{"line":353,"column":0},"end":{"line":353,"column":31}},"353":{"start":{"line":354,"column":0},"end":{"line":354,"column":35}},"354":{"start":{"line":355,"column":0},"end":{"line":355,"column":5}},"355":{"start":{"line":356,"column":0},"end":{"line":356,"column":45}},"356":{"start":{"line":357,"column":0},"end":{"line":357,"column":13}},"357":{"start":{"line":358,"column":0},"end":{"line":358,"column":24}},"358":{"start":{"line":359,"column":0},"end":{"line":359,"column":63}},"359":{"start":{"line":360,"column":0},"end":{"line":360,"column":28}},"360":{"start":{"line":361,"column":0},"end":{"line":361,"column":58}},"361":{"start":{"line":362,"column":0},"end":{"line":362,"column":6}},"362":{"start":{"line":363,"column":0},"end":{"line":363,"column":3}},"363":{"start":{"line":364,"column":0},"end":{"line":364,"column":1}},"366":{"start":{"line":367,"column":0},"end":{"line":367,"column":110}},"367":{"start":{"line":368,"column":0},"end":{"line":368,"column":38}},"368":{"start":{"line":369,"column":0},"end":{"line":369,"column":19}},"369":{"start":{"line":370,"column":0},"end":{"line":370,"column":35}},"370":{"start":{"line":371,"column":0},"end":{"line":371,"column":32}},"371":{"start":{"line":372,"column":0},"end":{"line":372,"column":18}},"372":{"start":{"line":373,"column":0},"end":{"line":373,"column":14}},"373":{"start":{"line":374,"column":0},"end":{"line":374,"column":42}},"374":{"start":{"line":375,"column":0},"end":{"line":375,"column":41}},"375":{"start":{"line":376,"column":0},"end":{"line":376,"column":82}},"376":{"start":{"line":377,"column":0},"end":{"line":377,"column":6}},"377":{"start":{"line":378,"column":0},"end":{"line":378,"column":4}},"378":{"start":{"line":379,"column":0},"end":{"line":379,"column":43}},"379":{"start":{"line":380,"column":0},"end":{"line":380,"column":49}},"380":{"start":{"line":381,"column":0},"end":{"line":381,"column":20}},"381":{"start":{"line":382,"column":0},"end":{"line":382,"column":52}},"382":{"start":{"line":383,"column":0},"end":{"line":383,"column":27}},"383":{"start":{"line":384,"column":0},"end":{"line":384,"column":78}},"384":{"start":{"line":385,"column":0},"end":{"line":385,"column":15}},"385":{"start":{"line":386,"column":0},"end":{"line":386,"column":48}},"386":{"start":{"line":387,"column":0},"end":{"line":387,"column":108}},"387":{"start":{"line":388,"column":0},"end":{"line":388,"column":23}},"388":{"start":{"line":389,"column":0},"end":{"line":389,"column":69}},"389":{"start":{"line":390,"column":0},"end":{"line":390,"column":64}},"390":{"start":{"line":391,"column":0},"end":{"line":391,"column":11}},"391":{"start":{"line":392,"column":0},"end":{"line":392,"column":16}},"392":{"start":{"line":393,"column":0},"end":{"line":393,"column":83}},"393":{"start":{"line":394,"column":0},"end":{"line":394,"column":63}},"394":{"start":{"line":395,"column":0},"end":{"line":395,"column":9}},"395":{"start":{"line":396,"column":0},"end":{"line":396,"column":9}},"396":{"start":{"line":397,"column":0},"end":{"line":397,"column":7}},"397":{"start":{"line":398,"column":0},"end":{"line":398,"column":28}},"398":{"start":{"line":399,"column":0},"end":{"line":399,"column":63}},"399":{"start":{"line":400,"column":0},"end":{"line":400,"column":58}},"400":{"start":{"line":401,"column":0},"end":{"line":401,"column":7}},"401":{"start":{"line":402,"column":0},"end":{"line":402,"column":14}},"402":{"start":{"line":403,"column":0},"end":{"line":403,"column":5}},"403":{"start":{"line":404,"column":0},"end":{"line":404,"column":1}},"405":{"start":{"line":406,"column":0},"end":{"line":406,"column":116}},"406":{"start":{"line":407,"column":0},"end":{"line":407,"column":41}},"407":{"start":{"line":408,"column":0},"end":{"line":408,"column":19}},"408":{"start":{"line":409,"column":0},"end":{"line":409,"column":35}},"409":{"start":{"line":410,"column":0},"end":{"line":410,"column":38}},"410":{"start":{"line":411,"column":0},"end":{"line":411,"column":18}},"411":{"start":{"line":412,"column":0},"end":{"line":412,"column":14}},"412":{"start":{"line":413,"column":0},"end":{"line":413,"column":42}},"413":{"start":{"line":414,"column":0},"end":{"line":414,"column":41}},"414":{"start":{"line":415,"column":0},"end":{"line":415,"column":82}},"415":{"start":{"line":416,"column":0},"end":{"line":416,"column":6}},"416":{"start":{"line":417,"column":0},"end":{"line":417,"column":4}},"417":{"start":{"line":418,"column":0},"end":{"line":418,"column":43}},"418":{"start":{"line":419,"column":0},"end":{"line":419,"column":49}},"419":{"start":{"line":420,"column":0},"end":{"line":420,"column":20}},"420":{"start":{"line":421,"column":0},"end":{"line":421,"column":52}},"421":{"start":{"line":422,"column":0},"end":{"line":422,"column":27}},"422":{"start":{"line":423,"column":0},"end":{"line":423,"column":78}},"423":{"start":{"line":424,"column":0},"end":{"line":424,"column":15}},"424":{"start":{"line":425,"column":0},"end":{"line":425,"column":48}},"425":{"start":{"line":426,"column":0},"end":{"line":426,"column":47}},"426":{"start":{"line":427,"column":0},"end":{"line":427,"column":23}},"427":{"start":{"line":428,"column":0},"end":{"line":428,"column":72}},"428":{"start":{"line":429,"column":0},"end":{"line":429,"column":64}},"429":{"start":{"line":430,"column":0},"end":{"line":430,"column":11}},"430":{"start":{"line":431,"column":0},"end":{"line":431,"column":16}},"431":{"start":{"line":432,"column":0},"end":{"line":432,"column":86}},"432":{"start":{"line":433,"column":0},"end":{"line":433,"column":63}},"433":{"start":{"line":434,"column":0},"end":{"line":434,"column":9}},"434":{"start":{"line":435,"column":0},"end":{"line":435,"column":9}},"435":{"start":{"line":436,"column":0},"end":{"line":436,"column":7}},"436":{"start":{"line":437,"column":0},"end":{"line":437,"column":28}},"437":{"start":{"line":438,"column":0},"end":{"line":438,"column":66}},"438":{"start":{"line":439,"column":0},"end":{"line":439,"column":58}},"439":{"start":{"line":440,"column":0},"end":{"line":440,"column":7}},"440":{"start":{"line":441,"column":0},"end":{"line":441,"column":14}},"441":{"start":{"line":442,"column":0},"end":{"line":442,"column":5}},"442":{"start":{"line":443,"column":0},"end":{"line":443,"column":1}},"445":{"start":{"line":446,"column":0},"end":{"line":446,"column":80}},"446":{"start":{"line":447,"column":0},"end":{"line":447,"column":101}},"447":{"start":{"line":448,"column":0},"end":{"line":448,"column":26}},"448":{"start":{"line":449,"column":0},"end":{"line":449,"column":59}},"449":{"start":{"line":450,"column":0},"end":{"line":450,"column":104}},"450":{"start":{"line":451,"column":0},"end":{"line":451,"column":3}},"451":{"start":{"line":452,"column":0},"end":{"line":452,"column":74}},"454":{"start":{"line":455,"column":0},"end":{"line":455,"column":111}},"455":{"start":{"line":456,"column":0},"end":{"line":456,"column":65}},"456":{"start":{"line":457,"column":0},"end":{"line":457,"column":79}},"458":{"start":{"line":459,"column":0},"end":{"line":459,"column":33}},"459":{"start":{"line":460,"column":0},"end":{"line":460,"column":33}},"460":{"start":{"line":461,"column":0},"end":{"line":461,"column":3}},"462":{"start":{"line":463,"column":0},"end":{"line":463,"column":30}},"463":{"start":{"line":464,"column":0},"end":{"line":464,"column":65}},"464":{"start":{"line":465,"column":0},"end":{"line":465,"column":3}},"466":{"start":{"line":467,"column":0},"end":{"line":467,"column":63}},"467":{"start":{"line":468,"column":0},"end":{"line":468,"column":22}},"468":{"start":{"line":469,"column":0},"end":{"line":469,"column":68}},"469":{"start":{"line":470,"column":0},"end":{"line":470,"column":98}},"470":{"start":{"line":471,"column":0},"end":{"line":471,"column":3}},"472":{"start":{"line":473,"column":0},"end":{"line":473,"column":7}},"473":{"start":{"line":474,"column":0},"end":{"line":474,"column":46}},"475":{"start":{"line":476,"column":0},"end":{"line":476,"column":60}},"476":{"start":{"line":477,"column":0},"end":{"line":477,"column":57}},"477":{"start":{"line":478,"column":0},"end":{"line":478,"column":12}},"478":{"start":{"line":479,"column":0},"end":{"line":479,"column":92}},"479":{"start":{"line":480,"column":0},"end":{"line":480,"column":77}},"480":{"start":{"line":481,"column":0},"end":{"line":481,"column":5}},"482":{"start":{"line":483,"column":0},"end":{"line":483,"column":65}},"484":{"start":{"line":485,"column":0},"end":{"line":485,"column":65}},"485":{"start":{"line":486,"column":0},"end":{"line":486,"column":69}},"486":{"start":{"line":487,"column":0},"end":{"line":487,"column":5}},"487":{"start":{"line":488,"column":0},"end":{"line":488,"column":162}},"490":{"start":{"line":491,"column":0},"end":{"line":491,"column":30}},"491":{"start":{"line":492,"column":0},"end":{"line":492,"column":17}},"492":{"start":{"line":493,"column":0},"end":{"line":493,"column":9}},"493":{"start":{"line":494,"column":0},"end":{"line":494,"column":52}},"494":{"start":{"line":495,"column":0},"end":{"line":495,"column":21}},"495":{"start":{"line":496,"column":0},"end":{"line":496,"column":56}},"496":{"start":{"line":497,"column":0},"end":{"line":497,"column":54}},"497":{"start":{"line":498,"column":0},"end":{"line":498,"column":12}},"498":{"start":{"line":499,"column":0},"end":{"line":499,"column":10}},"499":{"start":{"line":500,"column":0},"end":{"line":500,"column":8}},"500":{"start":{"line":501,"column":0},"end":{"line":501,"column":6}},"502":{"start":{"line":503,"column":0},"end":{"line":503,"column":27}},"503":{"start":{"line":504,"column":0},"end":{"line":504,"column":40}},"504":{"start":{"line":505,"column":0},"end":{"line":505,"column":54}},"505":{"start":{"line":506,"column":0},"end":{"line":506,"column":21}},"506":{"start":{"line":507,"column":0},"end":{"line":507,"column":82}},"507":{"start":{"line":508,"column":0},"end":{"line":508,"column":21}},"508":{"start":{"line":509,"column":0},"end":{"line":509,"column":6}},"510":{"start":{"line":511,"column":0},"end":{"line":511,"column":59}},"511":{"start":{"line":512,"column":0},"end":{"line":512,"column":92}},"512":{"start":{"line":513,"column":0},"end":{"line":513,"column":67}},"513":{"start":{"line":514,"column":0},"end":{"line":514,"column":22}},"514":{"start":{"line":515,"column":0},"end":{"line":515,"column":81}},"515":{"start":{"line":516,"column":0},"end":{"line":516,"column":59}},"516":{"start":{"line":517,"column":0},"end":{"line":517,"column":34}},"517":{"start":{"line":518,"column":0},"end":{"line":518,"column":15}},"518":{"start":{"line":519,"column":0},"end":{"line":519,"column":97}},"519":{"start":{"line":520,"column":0},"end":{"line":520,"column":50}},"520":{"start":{"line":521,"column":0},"end":{"line":521,"column":102}},"521":{"start":{"line":522,"column":0},"end":{"line":522,"column":20}},"522":{"start":{"line":523,"column":0},"end":{"line":523,"column":102}},"523":{"start":{"line":524,"column":0},"end":{"line":524,"column":93}},"524":{"start":{"line":525,"column":0},"end":{"line":525,"column":13}},"525":{"start":{"line":526,"column":0},"end":{"line":526,"column":37}},"526":{"start":{"line":527,"column":0},"end":{"line":527,"column":97}},"527":{"start":{"line":528,"column":0},"end":{"line":528,"column":97}},"528":{"start":{"line":529,"column":0},"end":{"line":529,"column":11}},"529":{"start":{"line":530,"column":0},"end":{"line":530,"column":11}},"530":{"start":{"line":531,"column":0},"end":{"line":531,"column":9}},"531":{"start":{"line":532,"column":0},"end":{"line":532,"column":37}},"532":{"start":{"line":533,"column":0},"end":{"line":533,"column":78}},"533":{"start":{"line":534,"column":0},"end":{"line":534,"column":78}},"534":{"start":{"line":535,"column":0},"end":{"line":535,"column":9}},"535":{"start":{"line":536,"column":0},"end":{"line":536,"column":36}},"536":{"start":{"line":537,"column":0},"end":{"line":537,"column":27}},"537":{"start":{"line":538,"column":0},"end":{"line":538,"column":62}},"538":{"start":{"line":539,"column":0},"end":{"line":539,"column":66}},"539":{"start":{"line":540,"column":0},"end":{"line":540,"column":9}},"540":{"start":{"line":541,"column":0},"end":{"line":541,"column":55}},"541":{"start":{"line":542,"column":0},"end":{"line":542,"column":21}},"542":{"start":{"line":543,"column":0},"end":{"line":543,"column":7}},"544":{"start":{"line":545,"column":0},"end":{"line":545,"column":34}},"545":{"start":{"line":546,"column":0},"end":{"line":546,"column":92}},"546":{"start":{"line":547,"column":0},"end":{"line":547,"column":118}},"547":{"start":{"line":548,"column":0},"end":{"line":548,"column":5}},"548":{"start":{"line":549,"column":0},"end":{"line":549,"column":54}},"551":{"start":{"line":552,"column":0},"end":{"line":552,"column":47}},"552":{"start":{"line":553,"column":0},"end":{"line":553,"column":48}},"553":{"start":{"line":554,"column":0},"end":{"line":554,"column":55}},"554":{"start":{"line":555,"column":0},"end":{"line":555,"column":6}},"557":{"start":{"line":558,"column":0},"end":{"line":558,"column":68}},"560":{"start":{"line":561,"column":0},"end":{"line":561,"column":37}},"561":{"start":{"line":562,"column":0},"end":{"line":562,"column":40}},"563":{"start":{"line":564,"column":0},"end":{"line":564,"column":37}},"564":{"start":{"line":565,"column":0},"end":{"line":565,"column":85}},"565":{"start":{"line":566,"column":0},"end":{"line":566,"column":35}},"566":{"start":{"line":567,"column":0},"end":{"line":567,"column":5}},"567":{"start":{"line":568,"column":0},"end":{"line":568,"column":40}},"568":{"start":{"line":569,"column":0},"end":{"line":569,"column":94}},"569":{"start":{"line":570,"column":0},"end":{"line":570,"column":41}},"570":{"start":{"line":571,"column":0},"end":{"line":571,"column":5}},"573":{"start":{"line":574,"column":0},"end":{"line":574,"column":46}},"574":{"start":{"line":575,"column":0},"end":{"line":575,"column":15}},"575":{"start":{"line":576,"column":0},"end":{"line":576,"column":24}},"576":{"start":{"line":577,"column":0},"end":{"line":577,"column":19}},"577":{"start":{"line":578,"column":0},"end":{"line":578,"column":73}},"578":{"start":{"line":579,"column":0},"end":{"line":579,"column":15}},"579":{"start":{"line":580,"column":0},"end":{"line":580,"column":17}},"580":{"start":{"line":581,"column":0},"end":{"line":581,"column":6}},"583":{"start":{"line":584,"column":0},"end":{"line":584,"column":164}},"585":{"start":{"line":586,"column":0},"end":{"line":586,"column":58}},"586":{"start":{"line":587,"column":0},"end":{"line":587,"column":50}},"588":{"start":{"line":589,"column":0},"end":{"line":589,"column":24}},"589":{"start":{"line":590,"column":0},"end":{"line":590,"column":82}},"590":{"start":{"line":591,"column":0},"end":{"line":591,"column":99}},"591":{"start":{"line":592,"column":0},"end":{"line":592,"column":3}},"592":{"start":{"line":593,"column":0},"end":{"line":593,"column":1}}},"s":{"3":1,"4":1,"5":1,"6":1,"10":1,"11":1,"12":1,"74":8,"75":8,"76":8,"77":8,"78":8,"80":8,"81":8,"82":8,"84":8,"85":1,"86":1,"87":1,"89":7,"90":7,"92":7,"96":7,"98":7,"99":7,"100":7,"101":7,"102":7,"104":8,"105":2,"106":2,"107":3,"108":3,"109":3,"110":2,"111":2,"112":8,"113":4,"114":4,"115":4,"116":8,"117":1,"118":1,"119":1,"120":8,"122":9,"123":9,"124":9,"125":9,"126":9,"128":9,"129":0,"130":0,"131":0,"133":9,"134":9,"135":9,"137":9,"138":9,"139":9,"141":9,"142":9,"144":9,"145":0,"146":0,"147":0,"149":9,"151":9,"152":9,"153":9,"154":9,"155":9,"157":9,"158":8,"159":8,"160":9,"161":0,"162":0,"163":0,"164":9,"165":1,"166":1,"167":0,"168":0,"169":1,"170":1,"171":1,"172":9,"174":8,"175":8,"176":8,"177":8,"178":8,"179":8,"180":8,"181":8,"182":8,"183":8,"184":8,"186":8,"188":8,"230":8,"231":8,"232":8,"233":8,"235":8,"236":8,"237":8,"238":8,"239":8,"241":8,"242":8,"243":8,"244":8,"245":8,"246":8,"248":8,"249":2,"250":2,"251":2,"252":2,"253":2,"254":2,"256":8,"257":8,"258":8,"260":8,"261":8,"262":8,"263":8,"264":8,"265":8,"270":8,"271":8,"272":8,"273":8,"274":8,"276":8,"277":8,"278":8,"279":8,"280":8,"281":8,"283":8,"284":0,"285":0,"286":0,"288":8,"289":8,"291":8,"293":8,"294":8,"295":8,"296":8,"298":8,"299":8,"300":8,"301":8,"303":8,"304":8,"305":8,"306":8,"307":8,"308":8,"309":8,"311":7,"313":8,"314":0,"315":0,"316":0,"318":7,"320":7,"326":7,"327":7,"328":8,"329":1,"330":1,"331":1,"332":1,"334":6,"335":8,"336":8,"337":8,"338":8,"339":8,"340":8,"341":8,"342":8,"343":8,"345":8,"346":8,"348":8,"349":2,"350":2,"351":0,"352":2,"353":2,"354":2,"355":2,"356":2,"357":2,"358":2,"359":2,"360":2,"361":2,"362":2,"363":8,"366":8,"367":8,"368":8,"369":8,"370":8,"371":8,"372":8,"373":8,"374":8,"375":8,"376":8,"377":8,"378":8,"379":8,"380":8,"381":8,"382":8,"383":8,"384":8,"385":8,"386":8,"387":8,"388":0,"389":0,"390":0,"391":8,"392":0,"393":0,"394":0,"395":8,"396":8,"397":8,"398":0,"399":0,"400":8,"401":8,"402":8,"403":8,"405":1,"406":1,"407":1,"408":1,"409":1,"410":1,"411":1,"412":1,"413":1,"414":1,"415":1,"416":1,"417":1,"418":1,"419":1,"420":1,"421":1,"422":1,"423":1,"424":1,"425":1,"426":1,"427":0,"428":0,"429":0,"430":1,"431":0,"432":0,"433":0,"434":1,"435":1,"436":1,"437":0,"438":0,"439":1,"440":1,"441":1,"442":1,"445":16,"446":16,"447":16,"448":1,"449":1,"450":1,"451":15,"454":15,"455":15,"456":15,"458":16,"459":1,"460":1,"462":16,"463":1,"464":1,"466":13,"467":16,"468":1,"469":1,"470":1,"472":12,"473":12,"475":16,"476":12,"477":16,"478":0,"479":0,"480":0,"482":12,"484":16,"485":1,"486":1,"487":16,"490":16,"491":16,"492":16,"493":16,"494":16,"495":16,"496":16,"497":16,"498":16,"499":16,"500":16,"502":16,"503":16,"504":16,"505":16,"506":16,"507":16,"508":16,"510":16,"511":16,"512":11,"513":10,"514":10,"515":10,"516":10,"517":10,"518":10,"519":10,"520":10,"521":10,"522":0,"523":0,"524":0,"525":10,"526":0,"527":0,"528":0,"529":10,"530":11,"531":11,"532":1,"533":1,"534":11,"535":11,"536":0,"537":0,"538":0,"539":11,"540":11,"541":11,"542":16,"544":11,"545":1,"546":1,"547":1,"548":9,"551":9,"552":11,"553":16,"554":16,"557":8,"560":8,"561":8,"563":16,"564":8,"565":8,"566":8,"567":16,"568":1,"569":1,"570":1,"573":8,"574":8,"575":8,"576":8,"577":8,"578":8,"579":8,"580":8,"583":8,"585":8,"586":8,"588":16,"589":4,"590":4,"591":4,"592":16},"branchMap":{"0":{"type":"branch","line":75,"loc":{"start":{"line":75,"column":0},"end":{"line":121,"column":1}},"locations":[{"start":{"line":75,"column":0},"end":{"line":121,"column":1}}]},"1":{"type":"branch","line":85,"loc":{"start":{"line":85,"column":7},"end":{"line":85,"column":33}},"locations":[{"start":{"line":85,"column":7},"end":{"line":85,"column":33}}]},"2":{"type":"branch","line":85,"loc":{"start":{"line":85,"column":18},"end":{"line":85,"column":45}},"locations":[{"start":{"line":85,"column":18},"end":{"line":85,"column":45}}]},"3":{"type":"branch","line":85,"loc":{"start":{"line":85,"column":45},"end":{"line":88,"column":3}},"locations":[{"start":{"line":85,"column":45},"end":{"line":88,"column":3}}]},"4":{"type":"branch","line":88,"loc":{"start":{"line":88,"column":2},"end":{"line":103,"column":7}},"locations":[{"start":{"line":88,"column":2},"end":{"line":103,"column":7}}]},"5":{"type":"branch","line":103,"loc":{"start":{"line":103,"column":5},"end":{"line":105,"column":67}},"locations":[{"start":{"line":103,"column":5},"end":{"line":105,"column":67}}]},"6":{"type":"branch","line":105,"loc":{"start":{"line":105,"column":67},"end":{"line":113,"column":11}},"locations":[{"start":{"line":105,"column":67},"end":{"line":113,"column":11}}]},"7":{"type":"branch","line":113,"loc":{"start":{"line":113,"column":4},"end":{"line":116,"column":5}},"locations":[{"start":{"line":113,"column":4},"end":{"line":116,"column":5}}]},"8":{"type":"branch","line":117,"loc":{"start":{"line":117,"column":2},"end":{"line":120,"column":3}},"locations":[{"start":{"line":117,"column":2},"end":{"line":120,"column":3}}]},"9":{"type":"branch","line":107,"loc":{"start":{"line":107,"column":76},"end":{"line":111,"column":8}},"locations":[{"start":{"line":107,"column":76},"end":{"line":111,"column":8}}]},"10":{"type":"branch","line":109,"loc":{"start":{"line":109,"column":30},"end":{"line":109,"column":63}},"locations":[{"start":{"line":109,"column":30},"end":{"line":109,"column":63}}]},"11":{"type":"branch","line":110,"loc":{"start":{"line":110,"column":26},"end":{"line":110,"column":38}},"locations":[{"start":{"line":110,"column":26},"end":{"line":110,"column":38}}]},"12":{"type":"branch","line":123,"loc":{"start":{"line":123,"column":0},"end":{"line":173,"column":1}},"locations":[{"start":{"line":123,"column":0},"end":{"line":173,"column":1}}]},"13":{"type":"branch","line":127,"loc":{"start":{"line":127,"column":57},"end":{"line":127,"column":71}},"locations":[{"start":{"line":127,"column":57},"end":{"line":127,"column":71}}]},"14":{"type":"branch","line":127,"loc":{"start":{"line":127,"column":101},"end":{"line":127,"column":120}},"locations":[{"start":{"line":127,"column":101},"end":{"line":127,"column":120}}]},"15":{"type":"branch","line":129,"loc":{"start":{"line":129,"column":35},"end":{"line":132,"column":3}},"locations":[{"start":{"line":129,"column":35},"end":{"line":132,"column":3}}]},"16":{"type":"branch","line":134,"loc":{"start":{"line":134,"column":29},"end":{"line":134,"column":42}},"locations":[{"start":{"line":134,"column":29},"end":{"line":134,"column":42}}]},"17":{"type":"branch","line":138,"loc":{"start":{"line":138,"column":33},"end":{"line":138,"column":51}},"locations":[{"start":{"line":138,"column":33},"end":{"line":138,"column":51}}]},"18":{"type":"branch","line":145,"loc":{"start":{"line":145,"column":18},"end":{"line":148,"column":3}},"locations":[{"start":{"line":145,"column":18},"end":{"line":148,"column":3}}]},"19":{"type":"branch","line":150,"loc":{"start":{"line":150,"column":124},"end":{"line":150,"column":138}},"locations":[{"start":{"line":150,"column":124},"end":{"line":150,"column":138}}]},"20":{"type":"branch","line":156,"loc":{"start":{"line":156,"column":5},"end":{"line":158,"column":71}},"locations":[{"start":{"line":156,"column":5},"end":{"line":158,"column":71}}]},"21":{"type":"branch","line":158,"loc":{"start":{"line":158,"column":66},"end":{"line":158,"column":108}},"locations":[{"start":{"line":158,"column":66},"end":{"line":158,"column":108}}]},"22":{"type":"branch","line":158,"loc":{"start":{"line":158,"column":108},"end":{"line":161,"column":11}},"locations":[{"start":{"line":158,"column":108},"end":{"line":161,"column":11}}]},"23":{"type":"branch","line":161,"loc":{"start":{"line":161,"column":4},"end":{"line":164,"column":5}},"locations":[{"start":{"line":161,"column":4},"end":{"line":164,"column":5}}]},"24":{"type":"branch","line":165,"loc":{"start":{"line":165,"column":2},"end":{"line":172,"column":3}},"locations":[{"start":{"line":165,"column":2},"end":{"line":172,"column":3}}]},"25":{"type":"branch","line":167,"loc":{"start":{"line":167,"column":14},"end":{"line":167,"column":49}},"locations":[{"start":{"line":167,"column":14},"end":{"line":167,"column":49}}]},"26":{"type":"branch","line":167,"loc":{"start":{"line":167,"column":41},"end":{"line":167,"column":78}},"locations":[{"start":{"line":167,"column":41},"end":{"line":167,"column":78}}]},"27":{"type":"branch","line":167,"loc":{"start":{"line":167,"column":69},"end":{"line":167,"column":113}},"locations":[{"start":{"line":167,"column":69},"end":{"line":167,"column":113}}]},"28":{"type":"branch","line":167,"loc":{"start":{"line":167,"column":113},"end":{"line":169,"column":5}},"locations":[{"start":{"line":167,"column":113},"end":{"line":169,"column":5}}]},"29":{"type":"branch","line":135,"loc":{"start":{"line":135,"column":12},"end":{"line":135,"column":66}},"locations":[{"start":{"line":135,"column":12},"end":{"line":135,"column":66}}]},"30":{"type":"branch","line":135,"loc":{"start":{"line":135,"column":49},"end":{"line":135,"column":63}},"locations":[{"start":{"line":135,"column":49},"end":{"line":135,"column":63}}]},"31":{"type":"branch","line":136,"loc":{"start":{"line":136,"column":9},"end":{"line":136,"column":36}},"locations":[{"start":{"line":136,"column":9},"end":{"line":136,"column":36}}]},"32":{"type":"branch","line":139,"loc":{"start":{"line":139,"column":12},"end":{"line":139,"column":69}},"locations":[{"start":{"line":139,"column":12},"end":{"line":139,"column":69}}]},"33":{"type":"branch","line":139,"loc":{"start":{"line":139,"column":52},"end":{"line":139,"column":66}},"locations":[{"start":{"line":139,"column":52},"end":{"line":139,"column":66}}]},"34":{"type":"branch","line":140,"loc":{"start":{"line":140,"column":9},"end":{"line":140,"column":38}},"locations":[{"start":{"line":140,"column":9},"end":{"line":140,"column":38}}]},"35":{"type":"branch","line":175,"loc":{"start":{"line":175,"column":0},"end":{"line":275,"column":1}},"locations":[{"start":{"line":175,"column":0},"end":{"line":275,"column":1}}]},"36":{"type":"branch","line":184,"loc":{"start":{"line":184,"column":36},"end":{"line":184,"column":53}},"locations":[{"start":{"line":184,"column":36},"end":{"line":184,"column":53}}]},"37":{"type":"branch","line":184,"loc":{"start":{"line":184,"column":141},"end":{"line":184,"column":152}},"locations":[{"start":{"line":184,"column":141},"end":{"line":184,"column":152}}]},"38":{"type":"branch","line":184,"loc":{"start":{"line":184,"column":187},"end":{"line":184,"column":224}},"locations":[{"start":{"line":184,"column":187},"end":{"line":184,"column":224}}]},"39":{"type":"branch","line":184,"loc":{"start":{"line":184,"column":214},"end":{"line":184,"column":225}},"locations":[{"start":{"line":184,"column":214},"end":{"line":184,"column":225}}]},"40":{"type":"branch","line":189,"loc":{"start":{"line":189,"column":58},"end":{"line":189,"column":67}},"locations":[{"start":{"line":189,"column":58},"end":{"line":189,"column":67}}]},"41":{"type":"branch","line":189,"loc":{"start":{"line":189,"column":71},"end":{"line":189,"column":139}},"locations":[{"start":{"line":189,"column":71},"end":{"line":189,"column":139}}]},"42":{"type":"branch","line":244,"loc":{"start":{"line":244,"column":91},"end":{"line":244,"column":102}},"locations":[{"start":{"line":244,"column":91},"end":{"line":244,"column":102}}]},"43":{"type":"branch","line":245,"loc":{"start":{"line":245,"column":38},"end":{"line":245,"column":69}},"locations":[{"start":{"line":245,"column":38},"end":{"line":245,"column":69}}]},"44":{"type":"branch","line":245,"loc":{"start":{"line":245,"column":100},"end":{"line":245,"column":111}},"locations":[{"start":{"line":245,"column":100},"end":{"line":245,"column":111}}]},"45":{"type":"branch","line":249,"loc":{"start":{"line":249,"column":31},"end":{"line":255,"column":3}},"locations":[{"start":{"line":249,"column":31},"end":{"line":255,"column":3}}]},"46":{"type":"branch","line":238,"loc":{"start":{"line":238,"column":124},"end":{"line":238,"column":141}},"locations":[{"start":{"line":238,"column":124},"end":{"line":238,"column":141}}]},"47":{"type":"branch","line":244,"loc":{"start":{"line":244,"column":60},"end":{"line":244,"column":80}},"locations":[{"start":{"line":244,"column":60},"end":{"line":244,"column":80}}]},"48":{"type":"branch","line":245,"loc":{"start":{"line":245,"column":69},"end":{"line":245,"column":89}},"locations":[{"start":{"line":245,"column":69},"end":{"line":245,"column":89}}]},"49":{"type":"branch","line":252,"loc":{"start":{"line":252,"column":13},"end":{"line":252,"column":76}},"locations":[{"start":{"line":252,"column":13},"end":{"line":252,"column":76}}]},"50":{"type":"branch","line":277,"loc":{"start":{"line":277,"column":0},"end":{"line":364,"column":1}},"locations":[{"start":{"line":277,"column":0},"end":{"line":364,"column":1}}]},"51":{"type":"branch","line":284,"loc":{"start":{"line":284,"column":35},"end":{"line":287,"column":3}},"locations":[{"start":{"line":284,"column":35},"end":{"line":287,"column":3}}]},"52":{"type":"branch","line":310,"loc":{"start":{"line":310,"column":5},"end":{"line":312,"column":60}},"locations":[{"start":{"line":310,"column":5},"end":{"line":312,"column":60}}]},"53":{"type":"branch","line":314,"loc":{"start":{"line":314,"column":18},"end":{"line":317,"column":5}},"locations":[{"start":{"line":314,"column":18},"end":{"line":317,"column":5}}]},"54":{"type":"branch","line":317,"loc":{"start":{"line":317,"column":4},"end":{"line":329,"column":13}},"locations":[{"start":{"line":317,"column":4},"end":{"line":329,"column":13}}]},"55":{"type":"branch","line":329,"loc":{"start":{"line":329,"column":4},"end":{"line":333,"column":5}},"locations":[{"start":{"line":329,"column":4},"end":{"line":333,"column":5}}]},"56":{"type":"branch","line":333,"loc":{"start":{"line":333,"column":4},"end":{"line":336,"column":53}},"locations":[{"start":{"line":333,"column":4},"end":{"line":336,"column":53}}]},"57":{"type":"branch","line":336,"loc":{"start":{"line":336,"column":35},"end":{"line":336,"column":56}},"locations":[{"start":{"line":336,"column":35},"end":{"line":336,"column":56}}]},"58":{"type":"branch","line":337,"loc":{"start":{"line":337,"column":42},"end":{"line":337,"column":95}},"locations":[{"start":{"line":337,"column":42},"end":{"line":337,"column":95}}]},"59":{"type":"branch","line":338,"loc":{"start":{"line":338,"column":39},"end":{"line":338,"column":64}},"locations":[{"start":{"line":338,"column":39},"end":{"line":338,"column":64}}]},"60":{"type":"branch","line":349,"loc":{"start":{"line":349,"column":2},"end":{"line":363,"column":3}},"locations":[{"start":{"line":349,"column":2},"end":{"line":363,"column":3}}]},"61":{"type":"branch","line":351,"loc":{"start":{"line":351,"column":14},"end":{"line":351,"column":49}},"locations":[{"start":{"line":351,"column":14},"end":{"line":351,"column":49}}]},"62":{"type":"branch","line":351,"loc":{"start":{"line":351,"column":41},"end":{"line":351,"column":78}},"locations":[{"start":{"line":351,"column":41},"end":{"line":351,"column":78}}]},"63":{"type":"branch","line":351,"loc":{"start":{"line":351,"column":69},"end":{"line":351,"column":113}},"locations":[{"start":{"line":351,"column":69},"end":{"line":351,"column":113}}]},"64":{"type":"branch","line":351,"loc":{"start":{"line":351,"column":113},"end":{"line":353,"column":15}},"locations":[{"start":{"line":351,"column":113},"end":{"line":353,"column":15}}]},"65":{"type":"branch","line":297,"loc":{"start":{"line":297,"column":35},"end":{"line":302,"column":5}},"locations":[{"start":{"line":297,"column":35},"end":{"line":302,"column":5}}]},"66":{"type":"branch","line":342,"loc":{"start":{"line":342,"column":51},"end":{"line":342,"column":184}},"locations":[{"start":{"line":342,"column":51},"end":{"line":342,"column":184}}]},"67":{"type":"branch","line":342,"loc":{"start":{"line":342,"column":174},"end":{"line":342,"column":184}},"locations":[{"start":{"line":342,"column":174},"end":{"line":342,"column":184}}]},"68":{"type":"branch","line":367,"loc":{"start":{"line":367,"column":0},"end":{"line":404,"column":1}},"locations":[{"start":{"line":367,"column":0},"end":{"line":404,"column":1}}]},"69":{"type":"branch","line":368,"loc":{"start":{"line":368,"column":26},"end":{"line":368,"column":38}},"locations":[{"start":{"line":368,"column":26},"end":{"line":368,"column":38}}]},"70":{"type":"branch","line":379,"loc":{"start":{"line":379,"column":21},"end":{"line":403,"column":3}},"locations":[{"start":{"line":379,"column":21},"end":{"line":403,"column":3}}]},"71":{"type":"branch","line":380,"loc":{"start":{"line":380,"column":39},"end":{"line":397,"column":5}},"locations":[{"start":{"line":380,"column":39},"end":{"line":397,"column":5}}]},"72":{"type":"branch","line":382,"loc":{"start":{"line":382,"column":21},"end":{"line":382,"column":50}},"locations":[{"start":{"line":382,"column":21},"end":{"line":382,"column":50}}]},"73":{"type":"branch","line":383,"loc":{"start":{"line":383,"column":20},"end":{"line":396,"column":7}},"locations":[{"start":{"line":383,"column":20},"end":{"line":396,"column":7}}]},"74":{"type":"branch","line":388,"loc":{"start":{"line":388,"column":10},"end":{"line":391,"column":11}},"locations":[{"start":{"line":388,"column":10},"end":{"line":391,"column":11}}]},"75":{"type":"branch","line":392,"loc":{"start":{"line":392,"column":8},"end":{"line":395,"column":9}},"locations":[{"start":{"line":392,"column":8},"end":{"line":395,"column":9}}]},"76":{"type":"branch","line":406,"loc":{"start":{"line":406,"column":0},"end":{"line":443,"column":1}},"locations":[{"start":{"line":406,"column":0},"end":{"line":443,"column":1}}]},"77":{"type":"branch","line":407,"loc":{"start":{"line":407,"column":29},"end":{"line":407,"column":41}},"locations":[{"start":{"line":407,"column":29},"end":{"line":407,"column":41}}]},"78":{"type":"branch","line":418,"loc":{"start":{"line":418,"column":21},"end":{"line":442,"column":3}},"locations":[{"start":{"line":418,"column":21},"end":{"line":442,"column":3}}]},"79":{"type":"branch","line":419,"loc":{"start":{"line":419,"column":39},"end":{"line":436,"column":5}},"locations":[{"start":{"line":419,"column":39},"end":{"line":436,"column":5}}]},"80":{"type":"branch","line":421,"loc":{"start":{"line":421,"column":21},"end":{"line":421,"column":50}},"locations":[{"start":{"line":421,"column":21},"end":{"line":421,"column":50}}]},"81":{"type":"branch","line":422,"loc":{"start":{"line":422,"column":20},"end":{"line":435,"column":7}},"locations":[{"start":{"line":422,"column":20},"end":{"line":435,"column":7}}]},"82":{"type":"branch","line":427,"loc":{"start":{"line":427,"column":10},"end":{"line":430,"column":11}},"locations":[{"start":{"line":427,"column":10},"end":{"line":430,"column":11}}]},"83":{"type":"branch","line":431,"loc":{"start":{"line":431,"column":8},"end":{"line":434,"column":9}},"locations":[{"start":{"line":431,"column":8},"end":{"line":434,"column":9}}]},"84":{"type":"branch","line":446,"loc":{"start":{"line":446,"column":0},"end":{"line":593,"column":1}},"locations":[{"start":{"line":446,"column":0},"end":{"line":593,"column":1}}]},"85":{"type":"branch","line":447,"loc":{"start":{"line":447,"column":39},"end":{"line":447,"column":101}},"locations":[{"start":{"line":447,"column":39},"end":{"line":447,"column":101}}]},"86":{"type":"branch","line":448,"loc":{"start":{"line":448,"column":25},"end":{"line":451,"column":3}},"locations":[{"start":{"line":448,"column":25},"end":{"line":451,"column":3}}]},"87":{"type":"branch","line":451,"loc":{"start":{"line":451,"column":2},"end":{"line":459,"column":32}},"locations":[{"start":{"line":451,"column":2},"end":{"line":459,"column":32}}]},"88":{"type":"branch","line":459,"loc":{"start":{"line":459,"column":32},"end":{"line":461,"column":3}},"locations":[{"start":{"line":459,"column":32},"end":{"line":461,"column":3}}]},"89":{"type":"branch","line":461,"loc":{"start":{"line":461,"column":2},"end":{"line":463,"column":29}},"locations":[{"start":{"line":461,"column":2},"end":{"line":463,"column":29}}]},"90":{"type":"branch","line":463,"loc":{"start":{"line":463,"column":29},"end":{"line":465,"column":3}},"locations":[{"start":{"line":463,"column":29},"end":{"line":465,"column":3}}]},"91":{"type":"branch","line":465,"loc":{"start":{"line":465,"column":2},"end":{"line":468,"column":21}},"locations":[{"start":{"line":465,"column":2},"end":{"line":468,"column":21}}]},"92":{"type":"branch","line":468,"loc":{"start":{"line":468,"column":21},"end":{"line":476,"column":59}},"locations":[{"start":{"line":468,"column":21},"end":{"line":476,"column":59}}]},"93":{"type":"branch","line":468,"loc":{"start":{"line":468,"column":21},"end":{"line":471,"column":3}},"locations":[{"start":{"line":468,"column":21},"end":{"line":471,"column":3}}]},"94":{"type":"branch","line":476,"loc":{"start":{"line":476,"column":59},"end":{"line":478,"column":11}},"locations":[{"start":{"line":476,"column":59},"end":{"line":478,"column":11}}]},"95":{"type":"branch","line":478,"loc":{"start":{"line":478,"column":4},"end":{"line":481,"column":5}},"locations":[{"start":{"line":478,"column":4},"end":{"line":481,"column":5}}]},"96":{"type":"branch","line":481,"loc":{"start":{"line":481,"column":4},"end":{"line":485,"column":31}},"locations":[{"start":{"line":481,"column":4},"end":{"line":485,"column":31}}]},"97":{"type":"branch","line":485,"loc":{"start":{"line":485,"column":31},"end":{"line":487,"column":5}},"locations":[{"start":{"line":485,"column":31},"end":{"line":487,"column":5}}]},"98":{"type":"branch","line":487,"loc":{"start":{"line":487,"column":4},"end":{"line":488,"column":130}},"locations":[{"start":{"line":487,"column":4},"end":{"line":488,"column":130}}]},"99":{"type":"branch","line":488,"loc":{"start":{"line":488,"column":112},"end":{"line":488,"column":130}},"locations":[{"start":{"line":488,"column":112},"end":{"line":488,"column":130}}]},"100":{"type":"branch","line":488,"loc":{"start":{"line":488,"column":143},"end":{"line":488,"column":158}},"locations":[{"start":{"line":488,"column":143},"end":{"line":488,"column":158}}]},"101":{"type":"branch","line":543,"loc":{"start":{"line":543,"column":5},"end":{"line":553,"column":48}},"locations":[{"start":{"line":543,"column":5},"end":{"line":553,"column":48}}]},"102":{"type":"branch","line":543,"loc":{"start":{"line":543,"column":5},"end":{"line":545,"column":33}},"locations":[{"start":{"line":543,"column":5},"end":{"line":545,"column":33}}]},"103":{"type":"branch","line":545,"loc":{"start":{"line":545,"column":33},"end":{"line":548,"column":5}},"locations":[{"start":{"line":545,"column":33},"end":{"line":548,"column":5}}]},"104":{"type":"branch","line":548,"loc":{"start":{"line":548,"column":4},"end":{"line":553,"column":44}},"locations":[{"start":{"line":548,"column":4},"end":{"line":553,"column":44}}]},"105":{"type":"branch","line":553,"loc":{"start":{"line":553,"column":24},"end":{"line":553,"column":48}},"locations":[{"start":{"line":553,"column":24},"end":{"line":553,"column":48}}]},"106":{"type":"branch","line":554,"loc":{"start":{"line":554,"column":24},"end":{"line":554,"column":53}},"locations":[{"start":{"line":554,"column":24},"end":{"line":554,"column":53}}]},"107":{"type":"branch","line":554,"loc":{"start":{"line":554,"column":38},"end":{"line":554,"column":55}},"locations":[{"start":{"line":554,"column":38},"end":{"line":554,"column":55}}]},"108":{"type":"branch","line":555,"loc":{"start":{"line":555,"column":4},"end":{"line":564,"column":36}},"locations":[{"start":{"line":555,"column":4},"end":{"line":564,"column":36}}]},"109":{"type":"branch","line":564,"loc":{"start":{"line":564,"column":36},"end":{"line":568,"column":39}},"locations":[{"start":{"line":564,"column":36},"end":{"line":568,"column":39}}]},"110":{"type":"branch","line":564,"loc":{"start":{"line":564,"column":36},"end":{"line":568,"column":21}},"locations":[{"start":{"line":564,"column":36},"end":{"line":568,"column":21}}]},"111":{"type":"branch","line":568,"loc":{"start":{"line":568,"column":8},"end":{"line":568,"column":39}},"locations":[{"start":{"line":568,"column":8},"end":{"line":568,"column":39}}]},"112":{"type":"branch","line":568,"loc":{"start":{"line":568,"column":39},"end":{"line":589,"column":11}},"locations":[{"start":{"line":568,"column":39},"end":{"line":589,"column":11}}]},"113":{"type":"branch","line":568,"loc":{"start":{"line":568,"column":39},"end":{"line":571,"column":5}},"locations":[{"start":{"line":568,"column":39},"end":{"line":571,"column":5}}]},"114":{"type":"branch","line":571,"loc":{"start":{"line":571,"column":4},"end":{"line":589,"column":11}},"locations":[{"start":{"line":571,"column":4},"end":{"line":589,"column":11}}]},"115":{"type":"branch","line":589,"loc":{"start":{"line":589,"column":2},"end":{"line":592,"column":3}},"locations":[{"start":{"line":589,"column":2},"end":{"line":592,"column":3}}]},"116":{"type":"branch","line":512,"loc":{"start":{"line":512,"column":70},"end":{"line":543,"column":5}},"locations":[{"start":{"line":512,"column":70},"end":{"line":543,"column":5}}]},"117":{"type":"branch","line":513,"loc":{"start":{"line":513,"column":52},"end":{"line":531,"column":7}},"locations":[{"start":{"line":513,"column":52},"end":{"line":531,"column":7}}]},"118":{"type":"branch","line":516,"loc":{"start":{"line":516,"column":28},"end":{"line":516,"column":57}},"locations":[{"start":{"line":516,"column":28},"end":{"line":516,"column":57}}]},"119":{"type":"branch","line":517,"loc":{"start":{"line":517,"column":27},"end":{"line":530,"column":9}},"locations":[{"start":{"line":517,"column":27},"end":{"line":530,"column":9}}]},"120":{"type":"branch","line":521,"loc":{"start":{"line":521,"column":94},"end":{"line":521,"column":100}},"locations":[{"start":{"line":521,"column":94},"end":{"line":521,"column":100}}]},"121":{"type":"branch","line":522,"loc":{"start":{"line":522,"column":12},"end":{"line":525,"column":13}},"locations":[{"start":{"line":522,"column":12},"end":{"line":525,"column":13}}]},"122":{"type":"branch","line":526,"loc":{"start":{"line":526,"column":10},"end":{"line":529,"column":11}},"locations":[{"start":{"line":526,"column":10},"end":{"line":529,"column":11}}]},"123":{"type":"branch","line":532,"loc":{"start":{"line":532,"column":27},"end":{"line":535,"column":7}},"locations":[{"start":{"line":532,"column":27},"end":{"line":535,"column":7}}]}},"b":{"0":[8],"1":[7],"2":[7],"3":[1],"4":[7],"5":[6],"6":[2],"7":[4],"8":[1],"9":[3],"10":[0],"11":[0],"12":[9],"13":[0],"14":[0],"15":[0],"16":[0],"17":[0],"18":[0],"19":[0],"20":[8],"21":[8],"22":[8],"23":[0],"24":[1],"25":[0],"26":[0],"27":[0],"28":[0],"29":[12],"30":[0],"31":[12],"32":[3],"33":[0],"34":[3],"35":[8],"36":[0],"37":[0],"38":[2],"39":[6],"40":[0],"41":[0],"42":[0],"43":[2],"44":[6],"45":[2],"46":[40],"47":[11],"48":[3],"49":[3],"50":[8],"51":[0],"52":[7],"53":[0],"54":[7],"55":[1],"56":[6],"57":[0],"58":[0],"59":[4],"60":[2],"61":[0],"62":[0],"63":[0],"64":[0],"65":[8],"66":[6],"67":[0],"68":[8],"69":[0],"70":[8],"71":[8],"72":[8],"73":[8],"74":[0],"75":[0],"76":[1],"77":[0],"78":[1],"79":[1],"80":[1],"81":[1],"82":[0],"83":[0],"84":[16],"85":[1],"86":[1],"87":[15],"88":[1],"89":[14],"90":[1],"91":[13],"92":[12],"93":[1],"94":[12],"95":[0],"96":[12],"97":[1],"98":[11],"99":[10],"100":[0],"101":[11],"102":[10],"103":[1],"104":[9],"105":[0],"106":[2],"107":[7],"108":[8],"109":[11],"110":[8],"111":[1],"112":[11],"113":[1],"114":[8],"115":[4],"116":[11],"117":[10],"118":[10],"119":[10],"120":[0],"121":[0],"122":[0],"123":[1]},"fnMap":{"0":{"name":"queryVectorMemory","decl":{"start":{"line":75,"column":0},"end":{"line":121,"column":1}},"loc":{"start":{"line":75,"column":0},"end":{"line":121,"column":1}},"line":75},"1":{"name":"generateEmbeddings","decl":{"start":{"line":123,"column":0},"end":{"line":173,"column":1}},"loc":{"start":{"line":123,"column":0},"end":{"line":173,"column":1}},"line":123},"2":{"name":"assembleGptPrompt","decl":{"start":{"line":175,"column":0},"end":{"line":275,"column":1}},"loc":{"start":{"line":175,"column":0},"end":{"line":275,"column":1}},"line":175},"3":{"name":"callGptForSuggestions","decl":{"start":{"line":277,"column":0},"end":{"line":364,"column":1}},"loc":{"start":{"line":277,"column":0},"end":{"line":364,"column":1}},"line":277},"4":{"name":"fetchCompanyCamUserDetails","decl":{"start":{"line":367,"column":0},"end":{"line":404,"column":1}},"loc":{"start":{"line":367,"column":0},"end":{"line":404,"column":1}},"line":367},"5":{"name":"fetchCompanyCamProjectDetails","decl":{"start":{"line":406,"column":0},"end":{"line":443,"column":1}},"loc":{"start":{"line":406,"column":0},"end":{"line":443,"column":1}},"line":406},"6":{"name":"handler","decl":{"start":{"line":446,"column":0},"end":{"line":593,"column":1}},"loc":{"start":{"line":446,"column":0},"end":{"line":593,"column":1}},"line":446},"7":{"name":"visionApiResponse","decl":{"start":{"line":512,"column":70
[...]
22,"column":0},"end":{"line":122,"column":105}},"123":{"start":{"line":124,"column":0},"end":{"line":124,"column":81}},"128":{"start":{"line":129,"column":0},"end":{"line":129,"column":110}},"132":{"start":{"line":133,"column":0},"end":{"line":133,"column":61}},"133":{"start":{"line":134,"column":0},"end":{"line":134,"column":28}},"134":{"start":{"line":135,"column":0},"end":{"line":135,"column":30}},"135":{"start":{"line":136,"column":0},"end":{"line":136,"column":29}},"136":{"start":{"line":137,"column":0},"end":{"line":137,"column":29}},"137":{"start":{"line":138,"column":0},"end":{"line":138,"column":28}},"140":{"start":{"line":141,"column":0},"end":{"line":141,"column":10}},"141":{"start":{"line":142,"column":0},"end":{"line":142,"column":21}},"142":{"start":{"line":143,"column":0},"end":{"line":143,"column":22}},"143":{"start":{"line":144,"column":0},"end":{"line":144,"column":22}},"144":{"start":{"line":145,"column":0},"end":{"line":145,"column":21}},"145":{"start":{"line":146,"column":0},"end":{"line":146,"column":23}},"146":{"start":{"line":147,"column":0},"end":{"line":147,"column":21}},"147":{"start":{"line":148,"column":0},"end":{"line":148,"column":4}},"148":{"start":{"line":149,"column":0},"end":{"line":149,"column":1}},"153":{"start":{"line":154,"column":0},"end":{"line":154,"column":96}},"154":{"start":{"line":155,"column":0},"end":{"line":155,"column":80}},"155":{"start":{"line":156,"column":0},"end":{"line":156,"column":65}},"156":{"start":{"line":157,"column":0},"end":{"line":157,"column":3}},"157":{"start":{"line":158,"column":0},"end":{"line":158,"column":80}},"158":{"start":{"line":159,"column":0},"end":{"line":159,"column":74}},"159":{"start":{"line":160,"column":0},"end":{"line":160,"column":3}},"160":{"start":{"line":161,"column":0},"end":{"line":161,"column":81}},"161":{"start":{"line":162,"column":0},"end":{"line":162,"column":70}},"162":{"start":{"line":163,"column":0},"end":{"line":163,"column":3}},"163":{"start":{"line":164,"column":0},"end":{"line":164,"column":71}},"164":{"start":{"line":165,"column":0},"end":{"line":165,"column":1}},"169":{"start":{"line":170,"column":0},"end":{"line":170,"column":112}},"170":{"start":{"line":171,"column":0},"end":{"line":171,"column":44}},"171":{"start":{"line":172,"column":0},"end":{"line":172,"column":44}},"173":{"start":{"line":174,"column":0},"end":{"line":174,"column":43}},"174":{"start":{"line":175,"column":0},"end":{"line":175,"column":52}},"176":{"start":{"line":177,"column":0},"end":{"line":177,"column":46}},"177":{"start":{"line":178,"column":0},"end":{"line":178,"column":38}},"178":{"start":{"line":179,"column":0},"end":{"line":179,"column":58}},"180":{"start":{"line":181,"column":0},"end":{"line":181,"column":49}},"181":{"start":{"line":182,"column":0},"end":{"line":182,"column":54}},"183":{"start":{"line":184,"column":0},"end":{"line":184,"column":72}},"185":{"start":{"line":186,"column":0},"end":{"line":186,"column":64}},"186":{"start":{"line":187,"column":0},"end":{"line":187,"column":37}},"187":{"start":{"line":188,"column":0},"end":{"line":188,"column":42}},"190":{"start":{"line":191,"column":0},"end":{"line":191,"column":31}},"191":{"start":{"line":192,"column":0},"end":{"line":192,"column":39}},"192":{"start":{"line":193,"column":0},"end":{"line":193,"column":9}},"193":{"start":{"line":194,"column":0},"end":{"line":194,"column":7}},"194":{"start":{"line":195,"column":0},"end":{"line":195,"column":5}},"197":{"start":{"line":198,"column":0},"end":{"line":198,"column":53}},"198":{"start":{"line":199,"column":0},"end":{"line":199,"column":60}},"199":{"start":{"line":200,"column":0},"end":{"line":200,"column":109}},"201":{"start":{"line":202,"column":0},"end":{"line":202,"column":19}},"202":{"start":{"line":203,"column":0},"end":{"line":203,"column":77}},"203":{"start":{"line":204,"column":0},"end":{"line":204,"column":29}},"204":{"start":{"line":205,"column":0},"end":{"line":205,"column":36}},"205":{"start":{"line":206,"column":0},"end":{"line":206,"column":18}},"206":{"start":{"line":207,"column":0},"end":{"line":207,"column":18}},"207":{"start":{"line":208,"column":0},"end":{"line":208,"column":9}},"208":{"start":{"line":209,"column":0},"end":{"line":209,"column":5}},"209":{"start":{"line":210,"column":0},"end":{"line":210,"column":3}},"212":{"start":{"line":213,"column":0},"end":{"line":213,"column":60}},"213":{"start":{"line":214,"column":0},"end":{"line":214,"column":1}}},"s":{"9":1,"10":14,"11":0,"12":0,"14":14,"15":14,"16":14,"18":14,"19":14,"20":14,"21":14,"22":14,"24":4,"25":4,"31":1,"32":15,"33":1,"34":1,"36":14,"37":14,"38":14,"39":14,"41":15,"44":12,"45":12,"46":12,"47":12,"48":12,"49":12,"50":12,"51":12,"54":15,"55":15,"56":15,"57":15,"58":15,"60":4,"61":4,"67":1,"71":42,"74":42,"75":42,"76":42,"77":42,"78":42,"81":42,"82":42,"83":42,"85":42,"86":42,"87":42,"89":42,"90":42,"91":42,"92":42,"93":42,"94":42,"95":42,"96":42,"101":1,"102":11,"103":11,"106":11,"107":11,"108":11,"111":11,"112":11,"113":11,"114":11,"115":11,"117":11,"118":11,"119":11,"120":11,"121":11,"123":11,"128":11,"132":11,"133":10,"134":10,"135":10,"136":10,"137":10,"140":11,"141":11,"142":11,"143":11,"144":11,"145":11,"146":11,"147":11,"148":11,"153":4,"154":4,"155":4,"156":4,"157":4,"158":0,"159":0,"160":4,"161":0,"162":0,"163":0,"164":0,"169":1,"170":6,"171":6,"173":6,"174":13,"176":9,"177":9,"178":9,"180":13,"181":7,"183":7,"185":7,"186":4,"187":4,"190":4,"191":4,"192":4,"193":4,"194":7,"197":13,"198":4,"199":4,"201":4,"202":4,"203":4,"204":4,"205":4,"206":4,"207":4,"208":4,"209":13,"212":6,"213":6},"branchMap":{"0":{"type":"branch","line":10,"loc":{"start":{"line":10,"column":7},"end":{"line":26,"column":1}},"locations":[{"start":{"line":10,"column":7},"end":{"line":26,"column":1}}]},"1":{"type":"branch","line":11,"loc":{"start":{"line":11,"column":50},"end":{"line":13,"column":3}},"locations":[{"start":{"line":11,"column":50},"end":{"line":13,"column":3}}]},"2":{"type":"branch","line":19,"loc":{"start":{"line":19,"column":29},"end":{"line":19,"column":40}},"locations":[{"start":{"line":19,"column":29},"end":{"line":19,"column":40}}]},"3":{"type":"branch","line":19,"loc":{"start":{"line":19,"column":36},"end":{"line":20,"column":34}},"locations":[{"start":{"line":19,"column":36},"end":{"line":20,"column":34}}]},"4":{"type":"branch","line":20,"loc":{"start":{"line":20,"column":27},"end":{"line":20,"column":72}},"locations":[{"start":{"line":20,"column":27},"end":{"line":20,"column":72}}]},"5":{"type":"branch","line":20,"loc":{"start":{"line":20,"column":34},"end":{"line":21,"column":35}},"locations":[{"start":{"line":20,"column":34},"end":{"line":21,"column":35}}]},"6":{"type":"branch","line":21,"loc":{"start":{"line":21,"column":28},"end":{"line":21,"column":69}},"locations":[{"start":{"line":21,"column":28},"end":{"line":21,"column":69}}]},"7":{"type":"branch","line":21,"loc":{"start":{"line":21,"column":35},"end":{"line":22,"column":36}},"locations":[{"start":{"line":21,"column":35},"end":{"line":22,"column":36}}]},"8":{"type":"branch","line":22,"loc":{"start":{"line":22,"column":29},"end":{"line":22,"column":69}},"locations":[{"start":{"line":22,"column":29},"end":{"line":22,"column":69}}]},"9":{"type":"branch","line":22,"loc":{"start":{"line":22,"column":36},"end":{"line":23,"column":37}},"locations":[{"start":{"line":22,"column":36},"end":{"line":23,"column":37}}]},"10":{"type":"branch","line":23,"loc":{"start":{"line":23,"column":30},"end":{"line":23,"column":70}},"locations":[{"start":{"line":23,"column":30},"end":{"line":23,"column":70}}]},"11":{"type":"branch","line":23,"loc":{"start":{"line":23,"column":37},"end":{"line":26,"column":1}},"locations":[{"start":{"line":23,"column":37},"end":{"line":26,"column":1}}]},"12":{"type":"branch","line":32,"loc":{"start":{"line":32,"column":7},"end":{"line":62,"column":1}},"locations":[{"start":{"line":32,"column":7},"end":{"line":62,"column":1}}]},"13":{"type":"branch","line":33,"loc":{"start":{"line":33,"column":14},"end":{"line":33,"column":50}},"locations":[{"start":{"line":33,"column":14},"end":{"line":33,"column":50}}]},"14":{"type":"branch","line":33,"loc":{"start":{"line":33,"column":50},"end":{"line":35,"column":3}},"locations":[{"start":{"line":33,"column":50},"end":{"line":35,"column":3}}]},"15":{"type":"branch","line":35,"loc":{"start":{"line":35,"column":2},"end":{"line":42,"column":23}},"locations":[{"start":{"line":35,"column":2},"end":{"line":42,"column":23}}]},"16":{"type":"branch","line":42,"loc":{"start":{"line":42,"column":15},"end":{"line":42,"column":38}},"locations":[{"start":{"line":42,"column":15},"end":{"line":42,"column":38}}]},"17":{"type":"branch","line":42,"loc":{"start":{"line":42,"column":38},"end":{"line":42,"column":49}},"locations":[{"start":{"line":42,"column":38},"end":{"line":42,"column":49}}]},"18":{"type":"branch","line":42,"loc":{"start":{"line":42,"column":45},"end":{"line":55,"column":32}},"locations":[{"start":{"line":42,"column":45},"end":{"line":55,"column":32}}]},"19":{"type":"branch","line":55,"loc":{"start":{"line":55,"column":25},"end":{"line":55,"column":70}},"locations":[{"start":{"line":55,"column":25},"end":{"line":55,"column":70}}]},"20":{"type":"branch","line":55,"loc":{"start":{"line":55,"column":32},"end":{"line":56,"column":32}},"locations":[{"start":{"line":55,"column":32},"end":{"line":56,"column":32}}]},"21":{"type":"branch","line":56,"loc":{"start":{"line":56,"column":25},"end":{"line":56,"column":66}},"locations":[{"start":{"line":56,"column":25},"end":{"line":56,"column":66}}]},"22":{"type":"branch","line":56,"loc":{"start":{"line":56,"column":32},"end":{"line":57,"column":31}},"locations":[{"start":{"line":56,"column":32},"end":{"line":57,"column":31}}]},"23":{"type":"branch","line":57,"loc":{"start":{"line":57,"column":24},"end":{"line":57,"column":69}},"locations":[{"start":{"line":57,"column":24},"end":{"line":57,"column":69}}]},"24":{"type":"branch","line":57,"loc":{"start":{"line":57,"column":31},"end":{"line":58,"column":31}},"locations":[{"start":{"line":57,"column":31},"end":{"line":58,"column":31}}]},"25":{"type":"branch","line":58,"loc":{"start":{"line":58,"column":24},"end":{"line":58,"column":68}},"locations":[{"start":{"line":58,"column":24},"end":{"line":58,"column":68}}]},"26":{"type":"branch","line":58,"loc":{"start":{"line":58,"column":31},"end":{"line":59,"column":31}},"locations":[{"start":{"line":58,"column":31},"end":{"line":59,"column":31}}]},"27":{"type":"branch","line":59,"loc":{"start":{"line":59,"column":24},"end":{"line":59,"column":67}},"locations":[{"start":{"line":59,"column":24},"end":{"line":59,"column":67}}]},"28":{"type":"branch","line":59,"loc":{"start":{"line":59,"column":31},"end":{"line":62,"column":1}},"locations":[{"start":{"line":59,"column":31},"end":{"line":62,"column":1}}]},"29":{"type":"branch","line":68,"loc":{"start":{"line":68,"column":7},"end":{"line":97,"column":1}},"locations":[{"start":{"line":68,"column":7},"end":{"line":97,"column":1}}]},"30":{"type":"branch","line":75,"loc":{"start":{"line":75,"column":34},"end":{"line":75,"column":53}},"locations":[{"start":{"line":75,"column":34},"end":{"line":75,"column":53}}]},"31":{"type":"branch","line":76,"loc":{"start":{"line":76,"column":26},"end":{"line":76,"column":38}},"locations":[{"start":{"line":76,"column":26},"end":{"line":76,"column":38}}]},"32":{"type":"branch","line":82,"loc":{"start":{"line":82,"column":45},"end":{"line":82,"column":53}},"locations":[{"start":{"line":82,"column":45},"end":{"line":82,"column":53}}]},"33":{"type":"branch","line":83,"loc":{"start":{"line":83,"column":73},"end":{"line":83,"column":84}},"locations":[{"start":{"line":83,"column":73},"end":{"line":83,"column":84}}]},"34":{"type":"branch","line":83,"loc":{"start":{"line":83,"column":78},"end":{"line":83,"column":86}},"locations":[{"start":{"line":83,"column":78},"end":{"line":83,"column":86}}]},"35":{"type":"branch","line":84,"loc":{"start":{"line":84,"column":25},"end":{"line":84,"column":37}},"locations":[{"start":{"line":84,"column":25},"end":{"line":84,"column":37}}]},"36":{"type":"branch","line":84,"loc":{"start":{"line":84,"column":50},"end":{"line":84,"column":58}},"locations":[{"start":{"line":84,"column":50},"end":{"line":84,"column":58}}]},"37":{"type":"branch","line":102,"loc":{"start":{"line":102,"column":7},"end":{"line":149,"column":1}},"locations":[{"start":{"line":102,"column":7},"end":{"line":149,"column":1}}]},"38":{"type":"branch","line":107,"loc":{"start":{"line":107,"column":51},"end":{"line":107,"column":70}},"locations":[{"start":{"line":107,"column":51},"end":{"line":107,"column":70}}]},"39":{"type":"branch","line":107,"loc":{"start":{"line":107,"column":64},"end":{"line":107,"column":74}},"locations":[{"start":{"line":107,"column":64},"end":{"line":107,"column":74}}]},"40":{"type":"branch","line":108,"loc":{"start":{"line":108,"column":51},"end":{"line":108,"column":70}},"locations":[{"start":{"line":108,"column":51},"end":{"line":108,"column":70}}]},"41":{"type":"branch","line":108,"loc":{"start":{"line":108,"column":64},"end":{"line":108,"column":74}},"locations":[{"start":{"line":108,"column":64},"end":{"line":108,"column":74}}]},"42":{"type":"branch","line":112,"loc":{"start":{"line":112,"column":31},"end":{"line":112,"column":41}},"locations":[{"start":{"line":112,"column":31},"end":{"line":112,"column":41}}]},"43":{"type":"branch","line":113,"loc":{"start":{"line":113,"column":31},"end":{"line":113,"column":41}},"locations":[{"start":{"line":113,"column":31},"end":{"line":113,"column":41}}]},"44":{"type":"branch","line":116,"loc":{"start":{"line":116,"column":85},"end":{"line":116,"column":94}},"locations":[{"start":{"line":116,"column":85},"end":{"line":116,"column":94}}]},"45":{"type":"branch","line":118,"loc":{"start":{"line":118,"column":37},"end":{"line":118,"column":56}},"locations":[{"start":{"line":118,"column":37},"end":{"line":118,"column":56}}]},"46":{"type":"branch","line":119,"loc":{"start":{"line":119,"column":37},"end":{"line":119,"column":56}},"locations":[{"start":{"line":119,"column":37},"end":{"line":119,"column":56}}]},"47":{"type":"branch","line":122,"loc":{"start":{"line":122,"column":96},"end":{"line":122,"column":105}},"locations":[{"start":{"line":122,"column":96},"end":{"line":122,"column":105}}]},"48":{"type":"branch","line":129,"loc":{"start":{"line":129,"column":48},"end":{"line":129,"column":60}},"locations":[{"start":{"line":129,"column":48},"end":{"line":129,"column":60}}]},"49":{"type":"branch","line":129,"loc":{"start":{"line":129,"column":53},"end":{"line":129,"column":110}},"locations":[{"start":{"line":129,"column":53},"end":{"line":129,"column":110}}]},"50":{"type":"branch","line":133,"loc":{"start":{"line":133,"column":49},"end":{"line":133,"column":61}},"locations":[{"start":{"line":133,"column":49},"end":{"line":133,"column":61}}]},"51":{"type":"branch","line":133,"loc":{"start":{"line":133,"column":54},"end":{"line":138,"column":28}},"locations":[{"start":{"line":133,"column":54},"end":{"line":138,"column":28}}]},"52":{"type":"branch","line":114,"loc":{"start":{"line":114,"column":47},"end":{"line":114,"column":68}},"locations":[{"start":{"line":114,"column":47},"end":{"line":114,"column":68}}]},"53":{"type":"branch","line":120,"loc":{"start":{"line":120,"column":53},"end":{"line":120,"column":100}},"locations":[{"start":{"line":120,"column":53},"end":{"line":120,"column":100}}]},"54":{"type":"branch","line":120,"loc":{"start":{"line":120,"column":80},"end":{"line":120,"column":100}},"locations":[{"start":{"line":120,"column":80},"end":{"line":120,"column":100}}]},"55":{"type":"branch","line":154,"loc":{"start":{"line":154,"column":0},"end":{"line":165,"column":1}},"locations":[{"start":{"line":154,"column":0},"end":{"line":165,"column":1}}]},"56":{"type":"branch","line":157,"loc":{"start":{"line":157,"column":2},"end":{"line":158,"column":79}},"locations":[{"start":{"line":157,"column":2},"end":{"line":158,"column":79}}]},"57":{"type":"branch","line":158,"loc":{"start":{"line":158,"column":79},"end":{"line":161,"column":80}},"locations":[{"start":{"line":158,"column":79},"end":{"line":161,"column":80}}]},"58":{"type":"branch","line":161,"loc":{"start":{"line":161,"column":80},"end":{"line":165,"column":1}},"locations":[{"start":{"line":161,"column":80},"end":{"line":165,"column":1}}]},"59":{"type":"branch","line":170,"loc":{"start":{"line":170,"column":7},"end":{"line":214,"column":1}},"locations":[{"start":{"line":170,"column":7},"end":{"line":214,"column":1}}]},"60":{"type":"branch","line":174,"loc":{"start":{"line":174,"column":42},"end":{"line":210,"column":3}},"locations":[{"start":{"line":174,"column":42},"end":{"line":210,"column":3}}]},"61":{"type":"branch","line":175,"loc":{"start":{"line":175,"column":43},"end":{"line":175,"column":52}},"locations":[{"start":{"line":175,"column":43},"end":{"line":175,"column":52}}]},"62":{"type":"branch","line":175,"loc":{"start":{"line":175,"column":43},"end":{"line":181,"column":48}},"locations":[{"start":{"line":175,"column":43},"end":{"line":181,"column":48}}]},"63":{"type":"branch","line":181,"loc":{"start":{"line":181,"column":48},"end":{"line":195,"column":5}},"locations":[{"start":{"line":181,"column":48},"end":{"line":195,"column":5}}]},"64":{"type":"branch","line":182,"loc":{"start":{"line":182,"column":45},"end":{"line":182,"column":54}},"locations":[{"start":{"line":182,"column":45},"end":{"line":182,"column":54}}]},"65":{"type":"branch","line":186,"loc":{"start":{"line":186,"column":63},"end":{"line":194,"column":7}},"locations":[{"start":{"line":186,"column":63},"end":{"line":194,"column":7}}]},"66":{"type":"branch","line":195,"loc":{"start":{"line":195,"column":4},"end":{"line":198,"column":35}},"locations":[{"start":{"line":195,"column":4},"end":{"line":198,"column":35}}]},"67":{"type":"branch","line":198,"loc":{"start":{"line":198,"column":30},"end":{"line":198,"column":52}},"locations":[{"start":{"line":198,"column":30},"end":{"line":198,"column":52}}]},"68":{"type":"branch","line":198,"loc":{"start":{"line":198,"column":52},"end":{"line":209,"column":5}},"locations":[{"start":{"line":198,"column":52},"end":{"line":209,"column":5}}]}},"b":{"0":[14],"1":[0],"2":[2],"3":[12],"4":[0],"5":[12],"6":[8],"7":[4],"8":[0],"9":[4],"10":[0],"11":[4],"12":[15],"13":[14],"14":[1],"15":[14],"16":[2],"17":[2],"18":[12],"19":[0],"20":[12],"21":[8],"22":[4],"23":[0],"24":[4],"25":[0],"26":[4],"27":[0],"28":[4],"29":[42],"30":[0],"31":[0],"32":[0],"33":[41],"34":[1],"35":[0],"36":[0],"37":[11],"38":[8],"39":[3],"40":[8],"41":[3],"42":[0],"43":[0],"44":[0],"45":[0],"46":[0],"47":[0],"48":[1],"49":[10],"50":[1],"51":[10],"52":[22],"53":[33],"54":[24],"55":[4],"56":[0],"57":[0],"58":[0],"59":[6],"60":[13],"61":[4],"62":[9],"63":[7],"64":[0],"65":[4],"66":[9],"67":[4],"68":[4]},"fnMap":{"0":{"name":"calculateTemporalProximity","decl":{"start":{"line":10,"column":7},"end":{"line":26,"column":1}},"loc":{"start":{"line":10,"column":7},"end":{"line":26,"column":1}},"line":10},"1":{"name":"calculateSpatialProximity","decl":{"start":{"line":32,"column":7},"end":{"line":62,"column":1}},"loc":{"start":{"line":32,"column":7},"end":{"line":62,"column":1}},"line":32},"2":{"name":"calculateQualityMetrics","decl":{"start":{"line":68,"column":7},"end":{"line":97,"column":1}},"loc":{"start":{"line":68,"column":7},"end":{"line":97,"column":1}},"line":68},"3":{"name":"calculatePhotoSimilarity","decl":{"start":{"line":102,"column":7},"end":{"line":149,"column":1}},"loc":{"start":{"line":102,"column":7},"end":{"line":149,"column":1}},"line":102},"4":{"name":"determineGroupType","decl":{"start":{"line":154,"column":0},"end":{"line":165,"column":1}},"loc":{"start":{"line":154,"column":0},"end":{"line":165,"column":1}},"line":154},"5":{"name":"groupSimilarPhotos","decl":{"start":{"line":170,"column":7},"end":{"line":214,"column":1}},"loc":{"start":{"line":170,"column":7},"end":{"line":214,"column":1}},"line":170}},"f":{"0":14,"1":15,"2":42,"3":11,"4":4,"5":6}}
}
